2021-04-24 12:38:30,264 [main] INFO   c.y.c.listeners.CustomListener(159) - Approximate tests to run ~ 21
2021-04-24 12:38:30,890 [main] INFO   ReportGenerator(212) - ****************************************************************************************
2021-04-24 12:38:30,891 [main] INFO   ReportGenerator(213) -                                 Sub Brand Management Tool Publish Workflows       
2021-04-24 12:38:30,891 [main] INFO   ReportGenerator(214) - ----------------------------------------------------------------------------------------
2021-04-24 12:38:31,131 [main] INFO   c.y.c.listeners.CustomListener(61) - =============================================================================
2021-04-24 12:38:31,131 [main] INFO   c.y.c.listeners.CustomListener(62) - STARTED - com.yodlee.customizationtool.Login##testValidateLoginPageContents By Thread with name as ##main
2021-04-24 12:38:31,132 [main] INFO   c.y.c.listeners.CustomListener(64) - ==============================================================================
2021-04-24 12:38:31,134 [main] INFO   c.y.c.listeners.CustomListener(61) - =============================================================================
2021-04-24 12:38:31,135 [main] INFO   c.y.c.listeners.CustomListener(62) - STARTED - com.yodlee.customizationtool.Login##testValidateLoginPageContents By Thread with name as ##main
2021-04-24 12:38:31,135 [main] INFO   c.y.c.listeners.CustomListener(64) - ==============================================================================
2021-04-24 12:38:31,136 [main] INFO   ReportGenerator(149) - 

<< --- TestCase START --->> testValidateLoginPageContents

2021-04-24 12:38:31,156 [main] INFO   c.y.c.listeners.CustomListener(101) - ===========================================================================
2021-04-24 12:38:31,157 [main] INFO   c.y.c.listeners.CustomListener(102) - SKIPPED - com.yodlee.customizationtool.Login#testValidateLoginPageContents SKIPPED REASON :::null
2021-04-24 12:38:31,157 [main] INFO   c.y.c.listeners.CustomListener(104) - ===========================================================================
2021-04-24 12:38:31,159 [main] INFO   c.y.c.listeners.CustomListener(101) - ===========================================================================
2021-04-24 12:38:31,160 [main] INFO   c.y.c.listeners.CustomListener(102) - SKIPPED - com.yodlee.customizationtool.Login#testValidateLoginPageContents SKIPPED REASON :::null
2021-04-24 12:38:31,161 [main] INFO   c.y.c.listeners.CustomListener(104) - ===========================================================================
2021-04-24 12:38:31,163 [main] INFO   ReportGenerator(199) - 

 TestCase: testValidateLoginPageContents: --->>> SKIPPED
2021-04-24 12:38:31,861 [main] INFO   c.y.c.listeners.CustomListener(61) - =============================================================================
2021-04-24 12:38:31,861 [main] INFO   c.y.c.listeners.CustomListener(62) - STARTED - com.yodlee.customizationtool.Login##testValidateMessageOnClickingForgotPasswordLink By Thread with name as ##main
2021-04-24 12:38:31,862 [main] INFO   c.y.c.listeners.CustomListener(64) - ==============================================================================
2021-04-24 12:38:31,865 [main] INFO   c.y.c.listeners.CustomListener(61) - =============================================================================
2021-04-24 12:38:31,866 [main] INFO   c.y.c.listeners.CustomListener(62) - STARTED - com.yodlee.customizationtool.Login##testValidateMessageOnClickingForgotPasswordLink By Thread with name as ##main
2021-04-24 12:38:31,866 [main] INFO   c.y.c.listeners.CustomListener(64) - ==============================================================================
2021-04-24 12:38:31,866 [main] INFO   ReportGenerator(149) - 

<< --- TestCase START --->> testValidateMessageOnClickingForgotPasswordLink

2021-04-24 12:38:31,868 [main] INFO   c.y.c.listeners.CustomListener(101) - ===========================================================================
2021-04-24 12:38:31,869 [main] INFO   c.y.c.listeners.CustomListener(102) - SKIPPED - com.yodlee.customizationtool.Login#testValidateMessageOnClickingForgotPasswordLink SKIPPED REASON :::null
2021-04-24 12:38:31,869 [main] INFO   c.y.c.listeners.CustomListener(104) - ===========================================================================
2021-04-24 12:38:31,871 [main] INFO   c.y.c.listeners.CustomListener(101) - ===========================================================================
2021-04-24 12:38:31,872 [main] INFO   c.y.c.listeners.CustomListener(102) - SKIPPED - com.yodlee.customizationtool.Login#testValidateMessageOnClickingForgotPasswordLink SKIPPED REASON :::null
2021-04-24 12:38:31,873 [main] INFO   c.y.c.listeners.CustomListener(104) - ===========================================================================
2021-04-24 12:38:31,874 [main] INFO   ReportGenerator(199) - 

 TestCase: testValidateMessageOnClickingForgotPasswordLink: --->>> SKIPPED
2021-04-24 12:38:32,028 [main] DEBUG  org.databene.commons.IOUtil(115) - isURIAvailable(converters.txt)
2021-04-24 12:38:32,029 [main] DEBUG  org.databene.commons.IOUtil(473) - getFileOrResourceAsStream(converters.txt, false)
2021-04-24 12:38:32,030 [main] DEBUG  org.databene.commons.IOUtil(488) - getResourceAsStream(converters.txt, false)
2021-04-24 12:38:32,030 [main] DEBUG  org.databene.CONFIG(85) - No custom converter setup 'converters.txt' found; using defaults.
2021-04-24 12:38:32,034 [main] DEBUG  org.databene.commons.IOUtil(181) - getInputStreamForURI(org/databene/commons/converter/converters.txt, true)
2021-04-24 12:38:32,034 [main] DEBUG  org.databene.commons.IOUtil(473) - getFileOrResourceAsStream(org/databene/commons/converter/converters.txt, true)
2021-04-24 12:38:32,035 [main] DEBUG  org.databene.commons.IOUtil(488) - getResourceAsStream(org/databene/commons/converter/converters.txt, true)
2021-04-24 12:38:32,045 [main] DEBUG  org.databene.commons.BeanUtil(952) - Instantiating String2TimestampConverter
2021-04-24 12:38:32,049 [main] DEBUG  org.databene.commons.BeanUtil(952) - Instantiating String2TimeConverter
2021-04-24 12:38:32,051 [main] DEBUG  org.databene.commons.BeanUtil(952) - Instantiating Time2StringConverter
2021-04-24 12:38:32,052 [main] DEBUG  org.databene.commons.BeanUtil(952) - Instantiating String2DateConverter
2021-04-24 12:38:32,053 [main] DEBUG  org.databene.commons.BeanUtil(952) - Instantiating String2LocaleConverter
2021-04-24 12:38:32,055 [main] DEBUG  org.databene.commons.BeanUtil(952) - Instantiating Locale2StringConverter
2021-04-24 12:38:32,056 [main] DEBUG  org.databene.commons.BeanUtil(952) - Instantiating String2ClassConverter
2021-04-24 12:38:32,058 [main] DEBUG  org.databene.commons.BeanUtil(952) - Instantiating Class2StringConverter
2021-04-24 12:38:32,059 [main] DEBUG  org.databene.commons.BeanUtil(952) - Instantiating Date2TimestampConverter
2021-04-24 12:38:32,060 [main] DEBUG  org.databene.commons.BeanUtil(952) - Instantiating Timestamp2DateConverter
2021-04-24 12:38:32,062 [main] DEBUG  org.databene.commons.BeanUtil(952) - Instantiating Date2CalendarConverter
2021-04-24 12:38:32,063 [main] DEBUG  org.databene.commons.BeanUtil(952) - Instantiating Calendar2DateConverter
2021-04-24 12:38:32,064 [main] DEBUG  org.databene.commons.BeanUtil(952) - Instantiating Date2LongConverter
2021-04-24 12:38:32,066 [main] DEBUG  org.databene.commons.BeanUtil(952) - Instantiating Long2DateConverter
2021-04-24 12:38:32,068 [main] DEBUG  org.databene.commons.BeanUtil(952) - Instantiating UtilDate2SqlDateConverter
2021-04-24 12:38:32,069 [main] DEBUG  org.databene.commons.BeanUtil(952) - Instantiating SqlDate2UtilDateConverter
2021-04-24 12:38:32,070 [main] DEBUG  org.databene.commons.BeanUtil(952) - Instantiating ByteArrayToBase64Converter
2021-04-24 12:38:32,071 [main] DEBUG  org.databene.commons.BeanUtil(952) - Instantiating Base64ToByteArrayConverter
2021-04-24 12:38:32,072 [main] DEBUG  org.databene.commons.BeanUtil(952) - Instantiating String2GregorianCalendarConverter
2021-04-24 12:38:32,073 [main] DEBUG  org.databene.commons.BeanUtil(952) - Instantiating String2DateFormatConverter
2021-04-24 12:38:32,074 [main] DEBUG  org.databene.commons.BeanUtil(952) - Instantiating String2NumberFormatConverter
2021-04-24 12:38:32,075 [main] DEBUG  org.databene.commons.BeanUtil(952) - Instantiating String2PatternConverter
2021-04-24 12:38:32,076 [main] DEBUG  org.databene.commons.BeanUtil(952) - Instantiating String2CharConverter
2021-04-24 12:38:32,078 [main] DEBUG  org.databene.commons.BeanUtil(952) - Instantiating String2ConverterConverter
2021-04-24 12:38:32,082 [main] DEBUG  o.d.commons.converter.AnyConverter(92) - Converting date (java.lang.String) to class java.lang.String
2021-04-24 12:38:32,095 [main] DEBUG  o.d.m.d.DefaultDescriptorProvider(65) - added SimpleTypeDescriptor: date[]
2021-04-24 12:38:32,095 [main] DEBUG  o.d.commons.converter.AnyConverter(92) - Converting big_decimal (java.lang.String) to class java.lang.String
2021-04-24 12:38:32,096 [main] DEBUG  o.d.m.d.DefaultDescriptorProvider(65) - added SimpleTypeDescriptor: big_decimal[]
2021-04-24 12:38:32,097 [main] DEBUG  o.d.commons.converter.AnyConverter(92) - Converting string (java.lang.String) to class java.lang.String
2021-04-24 12:38:32,098 [main] DEBUG  o.d.m.d.DefaultDescriptorProvider(65) - added SimpleTypeDescriptor: string[]
2021-04-24 12:38:32,098 [main] DEBUG  o.d.commons.converter.AnyConverter(92) - Converting byte (java.lang.String) to class java.lang.String
2021-04-24 12:38:32,099 [main] DEBUG  o.d.m.d.DefaultDescriptorProvider(65) - added SimpleTypeDescriptor: byte[]
2021-04-24 12:38:32,100 [main] DEBUG  o.d.commons.converter.AnyConverter(92) - Converting big_integer (java.lang.String) to class java.lang.String
2021-04-24 12:38:32,100 [main] DEBUG  o.d.m.d.DefaultDescriptorProvider(65) - added SimpleTypeDescriptor: big_integer[]
2021-04-24 12:38:32,101 [main] DEBUG  o.d.commons.converter.AnyConverter(92) - Converting double (java.lang.String) to class java.lang.String
2021-04-24 12:38:32,102 [main] DEBUG  o.d.m.d.DefaultDescriptorProvider(65) - added SimpleTypeDescriptor: double[]
2021-04-24 12:38:32,103 [main] DEBUG  o.d.commons.converter.AnyConverter(92) - Converting float (java.lang.String) to class java.lang.String
2021-04-24 12:38:32,104 [main] DEBUG  o.d.m.d.DefaultDescriptorProvider(65) - added SimpleTypeDescriptor: float[]
2021-04-24 12:38:32,104 [main] DEBUG  o.d.commons.converter.AnyConverter(92) - Converting int (java.lang.String) to class java.lang.String
2021-04-24 12:38:32,105 [main] DEBUG  o.d.m.d.DefaultDescriptorProvider(65) - added SimpleTypeDescriptor: int[]
2021-04-24 12:38:32,105 [main] DEBUG  o.d.commons.converter.AnyConverter(92) - Converting long (java.lang.String) to class java.lang.String
2021-04-24 12:38:32,106 [main] DEBUG  o.d.m.d.DefaultDescriptorProvider(65) - added SimpleTypeDescriptor: long[]
2021-04-24 12:38:32,107 [main] DEBUG  o.d.commons.converter.AnyConverter(92) - Converting boolean (java.lang.String) to class java.lang.String
2021-04-24 12:38:32,107 [main] DEBUG  o.d.m.d.DefaultDescriptorProvider(65) - added SimpleTypeDescriptor: boolean[]
2021-04-24 12:38:32,108 [main] DEBUG  o.d.commons.converter.AnyConverter(92) - Converting array (java.lang.String) to class java.lang.String
2021-04-24 12:38:32,108 [main] DEBUG  o.d.m.d.DefaultDescriptorProvider(65) - added SimpleTypeDescriptor: array[]
2021-04-24 12:38:32,109 [main] DEBUG  o.d.commons.converter.AnyConverter(92) - Converting binary (java.lang.String) to class java.lang.String
2021-04-24 12:38:32,109 [main] DEBUG  o.d.m.d.DefaultDescriptorProvider(65) - added SimpleTypeDescriptor: binary[]
2021-04-24 12:38:32,110 [main] DEBUG  o.d.commons.converter.AnyConverter(92) - Converting short (java.lang.String) to class java.lang.String
2021-04-24 12:38:32,111 [main] DEBUG  o.d.m.d.DefaultDescriptorProvider(65) - added SimpleTypeDescriptor: short[]
2021-04-24 12:38:32,112 [main] DEBUG  o.d.commons.converter.AnyConverter(92) - Converting time (java.lang.String) to class java.lang.String
2021-04-24 12:38:32,112 [main] DEBUG  o.d.m.d.DefaultDescriptorProvider(65) - added SimpleTypeDescriptor: time[]
2021-04-24 12:38:32,113 [main] DEBUG  o.d.commons.converter.AnyConverter(92) - Converting timestamp (java.lang.String) to class java.lang.String
2021-04-24 12:38:32,114 [main] DEBUG  o.d.m.d.DefaultDescriptorProvider(65) - added SimpleTypeDescriptor: timestamp[]
2021-04-24 12:38:32,114 [main] DEBUG  o.d.commons.converter.AnyConverter(92) - Converting object (java.lang.String) to class java.lang.String
2021-04-24 12:38:32,115 [main] DEBUG  o.d.m.d.DefaultDescriptorProvider(65) - added SimpleTypeDescriptor: object[]
2021-04-24 12:38:32,120 [main] DEBUG  o.d.commons.converter.AnyConverter(92) - Converting entity (java.lang.String) to class java.lang.String
2021-04-24 12:38:32,123 [main] DEBUG  o.d.m.d.DefaultDescriptorProvider(65) - added ComplexTypeDescriptor: entity[]
2021-04-24 12:38:32,125 [main] DEBUG  org.databene.model.data.DataModel(138) - validating date[]
2021-04-24 12:38:32,131 [main] DEBUG  org.databene.model.data.DataModel(138) - validating big_decimal[]
2021-04-24 12:38:32,131 [main] DEBUG  org.databene.model.data.DataModel(138) - validating string[]
2021-04-24 12:38:32,132 [main] DEBUG  org.databene.model.data.DataModel(138) - validating byte[]
2021-04-24 12:38:32,132 [main] DEBUG  org.databene.model.data.DataModel(138) - validating big_integer[]
2021-04-24 12:38:32,132 [main] DEBUG  org.databene.model.data.DataModel(138) - validating double[]
2021-04-24 12:38:32,132 [main] DEBUG  org.databene.model.data.DataModel(138) - validating float[]
2021-04-24 12:38:32,133 [main] DEBUG  org.databene.model.data.DataModel(138) - validating int[]
2021-04-24 12:38:32,133 [main] DEBUG  org.databene.model.data.DataModel(138) - validating long[]
2021-04-24 12:38:32,133 [main] DEBUG  org.databene.model.data.DataModel(138) - validating boolean[]
2021-04-24 12:38:32,133 [main] DEBUG  org.databene.model.data.DataModel(138) - validating array[]
2021-04-24 12:38:32,134 [main] DEBUG  org.databene.model.data.DataModel(138) - validating binary[]
2021-04-24 12:38:32,134 [main] DEBUG  org.databene.model.data.DataModel(138) - validating short[]
2021-04-24 12:38:32,135 [main] DEBUG  org.databene.model.data.DataModel(138) - validating time[]
2021-04-24 12:38:32,135 [main] DEBUG  org.databene.model.data.DataModel(138) - validating timestamp[]
2021-04-24 12:38:32,136 [main] DEBUG  org.databene.model.data.DataModel(138) - validating object[]
2021-04-24 12:38:32,136 [main] DEBUG  org.databene.model.data.DataModel(138) - validating entity[]
2021-04-24 12:38:32,857 [main] DEBUG  org.databene.CONFIG(191) - Initializing Script mapping from file org/databene/script/script.properties
2021-04-24 12:38:32,858 [main] DEBUG  org.databene.commons.IOUtil(181) - getInputStreamForURI(org/databene/script/script.properties, true)
2021-04-24 12:38:32,859 [main] DEBUG  org.databene.commons.IOUtil(473) - getFileOrResourceAsStream(org/databene/script/script.properties, true)
2021-04-24 12:38:32,859 [main] DEBUG  org.databene.commons.IOUtil(488) - getResourceAsStream(org/databene/script/script.properties, true)
2021-04-24 12:38:32,865 [main] DEBUG  org.databene.commons.BeanUtil(952) - Instantiating FreeMarkerScriptFactory
2021-04-24 12:38:32,868 [main] DEBUG  org.databene.commons.BeanUtil(952) - Instantiating String2DistributionConverter
2021-04-24 12:38:32,873 [main] DEBUG  org.databene.commons.IOUtil(181) - getInputStreamForURI(org/databene/commons/special-letters.properties, true)
2021-04-24 12:38:32,874 [main] DEBUG  org.databene.commons.IOUtil(473) - getFileOrResourceAsStream(org/databene/commons/special-letters.properties, true)
2021-04-24 12:38:32,874 [main] DEBUG  org.databene.commons.IOUtil(488) - getResourceAsStream(org/databene/commons/special-letters.properties, true)
2021-04-24 12:38:32,879 [main] DEBUG  o.d.commons.converter.AnyConverter(92) - Converting benerator:defaultComponent (java.lang.String) to class java.lang.String
2021-04-24 12:38:32,890 [main] DEBUG  o.d.commons.converter.AnyConverter(92) - Converting testValidateLogin (java.lang.String) to class java.lang.String
2021-04-24 12:38:32,892 [main] DEBUG  o.d.commons.converter.AnyConverter(92) - Converting testValidateLogin (java.lang.String) to class java.lang.String
2021-04-24 12:38:32,893 [main] DEBUG  o.d.commons.converter.AnyConverter(92) - Converting null to class java.lang.String
2021-04-24 12:38:32,898 [main] DEBUG  o.d.benerator.anno.AnnotationMapper(182) - mapDetails(@org.databene.benerator.anno.Source(filter=, selector=, id=, nesting=, encoding=, value=src\test\resources\testdata\ValidateLogin.csv, separator=, uri=, dataset=), testValidateLogin[])
2021-04-24 12:38:32,901 [main] DEBUG  o.d.commons.converter.AnyConverter(92) - Converting src\test\resources\testdata\ValidateLogin.csv (java.lang.String) to class java.lang.String
2021-04-24 12:38:32,905 [main] DEBUG  o.d.commons.converter.AnyConverter(92) - Converting 0 (java.lang.String) to class java.lang.String
2021-04-24 12:38:32,906 [main] DEBUG  o.d.commons.converter.AnyConverter(92) - Converting string (java.lang.String) to class java.lang.String
2021-04-24 12:38:32,907 [main] DEBUG  o.d.commons.converter.AnyConverter(92) - Converting 1 (java.lang.String) to class java.lang.String
2021-04-24 12:38:32,908 [main] DEBUG  o.d.commons.converter.AnyConverter(92) - Converting string (java.lang.String) to class java.lang.String
2021-04-24 12:38:32,908 [main] DEBUG  o.d.commons.converter.AnyConverter(92) - Converting 2 (java.lang.String) to class java.lang.String
2021-04-24 12:38:32,909 [main] DEBUG  o.d.commons.converter.AnyConverter(92) - Converting string (java.lang.String) to class java.lang.String
2021-04-24 12:38:32,909 [main] DEBUG  o.d.commons.converter.AnyConverter(92) - Converting 3 (java.lang.String) to class java.lang.String
2021-04-24 12:38:32,910 [main] DEBUG  o.d.commons.converter.AnyConverter(92) - Converting string (java.lang.String) to class java.lang.String
2021-04-24 12:38:32,910 [main] DEBUG  o.d.commons.converter.AnyConverter(92) - Converting 4 (java.lang.String) to class java.lang.String
2021-04-24 12:38:32,910 [main] DEBUG  o.d.commons.converter.AnyConverter(92) - Converting string (java.lang.String) to class java.lang.String
2021-04-24 12:38:32,911 [main] DEBUG  o.d.commons.converter.AnyConverter(92) - Converting 5 (java.lang.String) to class java.lang.String
2021-04-24 12:38:32,911 [main] DEBUG  o.d.commons.converter.AnyConverter(92) - Converting string (java.lang.String) to class java.lang.String
2021-04-24 12:38:32,921 [main] DEBUG  o.d.b.factory.ArrayGeneratorFactory(75) - createArrayGenerator(testValidateLogin)
2021-04-24 12:38:32,930 [main] DEBUG  o.d.b.factory.ArrayGeneratorFactory(142) - createCSVSourceGenerator(ArrayTypeDescriptor[0[type=string], 1[type=string], 2[type=string], 3[type=string], 4[type=string], 5[type=string]])
2021-04-24 12:38:32,935 [main] DEBUG  o.d.commons.converter.AnyConverter(92) - Converting testValidateLogin (java.lang.String) to class java.lang.String
2021-04-24 12:38:32,947 [main] DEBUG  o.d.b.factory.ArrayGeneratorFactory(90) - Created VariableAwareGenerator[
    ConvertingGenerator
]
2021-04-24 12:38:32,950 [main] DEBUG  org.databene.commons.IOUtil(232) - resolveLocalUri(src\test\resources\testdata\ValidateLogin.csv, .)
2021-04-24 12:38:32,953 [main] DEBUG  org.databene.commons.IOUtil(181) - getInputStreamForURI(src/test/resources/testdata/ValidateLogin.csv, true)
2021-04-24 12:38:32,953 [main] DEBUG  org.databene.commons.IOUtil(473) - getFileOrResourceAsStream(src/test/resources/testdata/ValidateLogin.csv, true)
2021-04-24 12:38:32,969 [main] DEBUG  o.d.commons.converter.AnyConverter(92) - Converting AT-113117 (java.lang.String) to class java.lang.String
2021-04-24 12:38:32,969 [main] DEBUG  o.d.commons.converter.AnyConverter(92) - Converting TRUE (java.lang.String) to class java.lang.String
2021-04-24 12:38:32,970 [main] DEBUG  o.d.commons.converter.AnyConverter(92) - Converting InvalidInput (java.lang.String) to class java.lang.String
2021-04-24 12:38:32,970 [main] DEBUG  o.d.commons.converter.AnyConverter(92) - Converting invalid@pfml1stage (java.lang.String) to class java.lang.String
2021-04-24 12:38:32,971 [main] DEBUG  o.d.commons.converter.AnyConverter(92) - Converting Yodlee@123 (java.lang.String) to class java.lang.String
2021-04-24 12:38:32,973 [main] DEBUG  o.d.commons.converter.AnyConverter(92) - Converting Invalid user credentials (java.lang.String) to class java.lang.String
2021-04-24 12:38:32,978 [main] DEBUG  o.d.b.c.VariableAwareGenerator(96) - Generated [Ljava.lang.Object;@aa22f1c
2021-04-24 12:38:32,980 [main] DEBUG  o.d.commons.converter.AnyConverter(92) - Converting AT-113127 (java.lang.String) to class java.lang.String
2021-04-24 12:38:32,980 [main] DEBUG  o.d.commons.converter.AnyConverter(92) - Converting TRUE (java.lang.String) to class java.lang.String
2021-04-24 12:38:32,981 [main] DEBUG  o.d.commons.converter.AnyConverter(92) - Converting NoInput (java.lang.String) to class java.lang.String
2021-04-24 12:38:32,981 [main] DEBUG  o.d.commons.converter.AnyConverter(92) - Converting  (java.lang.String) to class java.lang.String
2021-04-24 12:38:32,982 [main] DEBUG  o.d.commons.converter.AnyConverter(92) - Converting  (java.lang.String) to class java.lang.String
2021-04-24 12:38:32,982 [main] DEBUG  o.d.commons.converter.AnyConverter(92) - Converting Uh-oh! You've entered wrong username/ password. Please re-enter credentials (java.lang.String) to class java.lang.String
2021-04-24 12:38:32,982 [main] DEBUG  o.d.b.c.VariableAwareGenerator(96) - Generated [Ljava.lang.Object;@55e7a35c
2021-04-24 12:38:32,983 [main] INFO   c.y.c.listeners.CustomListener(61) - =============================================================================
2021-04-24 12:38:32,983 [main] INFO   c.y.c.listeners.CustomListener(62) - STARTED - com.yodlee.customizationtool.Login##testValidateLogin By Thread with name as ##main
2021-04-24 12:38:32,983 [main] INFO   c.y.c.listeners.CustomListener(64) - ==============================================================================
2021-04-24 12:38:32,987 [main] INFO   c.y.c.listeners.CustomListener(61) - =============================================================================
2021-04-24 12:38:32,988 [main] INFO   c.y.c.listeners.CustomListener(62) - STARTED - com.yodlee.customizationtool.Login##testValidateLogin By Thread with name as ##main
2021-04-24 12:38:32,988 [main] INFO   c.y.c.listeners.CustomListener(64) - ==============================================================================
2021-04-24 12:38:32,988 [main] INFO   ReportGenerator(149) - 

<< --- TestCase START --->> testValidateLogin ( AT-113117 , TRUE , InvalidInput , invalid@pfml1stage , Yodlee@123 , Invalid user credentials ) 

2021-04-24 12:38:32,990 [main] INFO   c.y.c.listeners.CustomListener(101) - ===========================================================================
2021-04-24 12:38:32,991 [main] INFO   c.y.c.listeners.CustomListener(102) - SKIPPED - com.yodlee.customizationtool.Login#testValidateLogin SKIPPED REASON :::null
2021-04-24 12:38:32,991 [main] INFO   c.y.c.listeners.CustomListener(104) - ===========================================================================
2021-04-24 12:38:32,993 [main] INFO   c.y.c.listeners.CustomListener(101) - ===========================================================================
2021-04-24 12:38:32,993 [main] INFO   c.y.c.listeners.CustomListener(102) - SKIPPED - com.yodlee.customizationtool.Login#testValidateLogin SKIPPED REASON :::null
2021-04-24 12:38:32,993 [main] INFO   c.y.c.listeners.CustomListener(104) - ===========================================================================
2021-04-24 12:38:32,994 [main] INFO   ReportGenerator(199) - 

 TestCase: testValidateLogin ( AT-113117 , TRUE , InvalidInput , invalid@pfml1stage , Yodlee@123 , Invalid user credentials ) : --->>> SKIPPED
2021-04-24 12:38:33,042 [main] DEBUG  o.d.commons.converter.AnyConverter(92) - Converting AT-113116 (java.lang.String) to class java.lang.String
2021-04-24 12:38:33,043 [main] DEBUG  o.d.commons.converter.AnyConverter(92) - Converting TRUE (java.lang.String) to class java.lang.String
2021-04-24 12:38:33,044 [main] DEBUG  o.d.commons.converter.AnyConverter(92) - Converting ValidInput (java.lang.String) to class java.lang.String
2021-04-24 12:38:33,044 [main] DEBUG  o.d.commons.converter.AnyConverter(92) - Converting rajeev@pfml1stage (java.lang.String) to class java.lang.String
2021-04-24 12:38:33,045 [main] DEBUG  o.d.commons.converter.AnyConverter(92) - Converting Yodlee@123 (java.lang.String) to class java.lang.String
2021-04-24 12:38:33,046 [main] DEBUG  o.d.commons.converter.AnyConverter(92) - Converting null to class java.lang.String
2021-04-24 12:38:33,046 [main] DEBUG  o.d.b.c.VariableAwareGenerator(96) - Generated [Ljava.lang.Object;@3aee3976
2021-04-24 12:38:33,047 [main] INFO   c.y.c.listeners.CustomListener(61) - =============================================================================
2021-04-24 12:38:33,047 [main] INFO   c.y.c.listeners.CustomListener(62) - STARTED - com.yodlee.customizationtool.Login##testValidateLogin By Thread with name as ##main
2021-04-24 12:38:33,048 [main] INFO   c.y.c.listeners.CustomListener(64) - ==============================================================================
2021-04-24 12:38:33,053 [main] INFO   c.y.c.listeners.CustomListener(61) - =============================================================================
2021-04-24 12:38:33,053 [main] INFO   c.y.c.listeners.CustomListener(62) - STARTED - com.yodlee.customizationtool.Login##testValidateLogin By Thread with name as ##main
2021-04-24 12:38:33,054 [main] INFO   c.y.c.listeners.CustomListener(64) - ==============================================================================
2021-04-24 12:38:33,054 [main] INFO   ReportGenerator(149) - 

<< --- TestCase START --->> testValidateLogin ( AT-113127 , TRUE , NoInput ,  ,  , Uh-oh! You've entered wrong username/ password. Please re-enter credentials ) 

2021-04-24 12:38:33,056 [main] INFO   c.y.c.listeners.CustomListener(101) - ===========================================================================
2021-04-24 12:38:33,057 [main] INFO   c.y.c.listeners.CustomListener(102) - SKIPPED - com.yodlee.customizationtool.Login#testValidateLogin SKIPPED REASON :::null
2021-04-24 12:38:33,058 [main] INFO   c.y.c.listeners.CustomListener(104) - ===========================================================================
2021-04-24 12:38:33,060 [main] INFO   c.y.c.listeners.CustomListener(101) - ===========================================================================
2021-04-24 12:38:33,062 [main] INFO   c.y.c.listeners.CustomListener(102) - SKIPPED - com.yodlee.customizationtool.Login#testValidateLogin SKIPPED REASON :::null
2021-04-24 12:38:33,063 [main] INFO   c.y.c.listeners.CustomListener(104) - ===========================================================================
2021-04-24 12:38:33,063 [main] INFO   ReportGenerator(199) - 

 TestCase: testValidateLogin ( AT-113127 , TRUE , NoInput ,  ,  , Uh-oh! You've entered wrong username/ password. Please re-enter credentials ) : --->>> SKIPPED
2021-04-24 12:38:33,110 [main] INFO   c.y.c.listeners.CustomListener(61) - =============================================================================
2021-04-24 12:38:33,111 [main] INFO   c.y.c.listeners.CustomListener(62) - STARTED - com.yodlee.customizationtool.Login##testValidateLogin By Thread with name as ##main
2021-04-24 12:38:33,111 [main] INFO   c.y.c.listeners.CustomListener(64) - ==============================================================================
2021-04-24 12:38:33,113 [main] INFO   c.y.c.listeners.CustomListener(61) - =============================================================================
2021-04-24 12:38:33,115 [main] INFO   c.y.c.listeners.CustomListener(62) - STARTED - com.yodlee.customizationtool.Login##testValidateLogin By Thread with name as ##main
2021-04-24 12:38:33,115 [main] INFO   c.y.c.listeners.CustomListener(64) - ==============================================================================
2021-04-24 12:38:33,116 [main] INFO   ReportGenerator(149) - 

<< --- TestCase START --->> testValidateLogin ( AT-113116 , TRUE , ValidInput , rajeev@pfml1stage , Yodlee@123

2021-04-24 12:38:33,117 [main] INFO   c.y.c.listeners.CustomListener(101) - ===========================================================================
2021-04-24 12:38:33,118 [main] INFO   c.y.c.listeners.CustomListener(102) - SKIPPED - com.yodlee.customizationtool.Login#testValidateLogin SKIPPED REASON :::null
2021-04-24 12:38:33,118 [main] INFO   c.y.c.listeners.CustomListener(104) - ===========================================================================
2021-04-24 12:38:33,122 [main] INFO   c.y.c.listeners.CustomListener(101) - ===========================================================================
2021-04-24 12:38:33,122 [main] INFO   c.y.c.listeners.CustomListener(102) - SKIPPED - com.yodlee.customizationtool.Login#testValidateLogin SKIPPED REASON :::null
2021-04-24 12:38:33,122 [main] INFO   c.y.c.listeners.CustomListener(104) - ===========================================================================
2021-04-24 12:38:33,123 [main] INFO   ReportGenerator(199) - 

 TestCase: testValidateLogin ( AT-113116 , TRUE , ValidInput , rajeev@pfml1stage , Yodlee@123: --->>> SKIPPED
2021-04-24 12:38:33,179 [main] DEBUG  o.d.commons.converter.AnyConverter(92) - Converting benerator:defaultComponent (java.lang.String) to class java.lang.String
2021-04-24 12:38:33,180 [main] DEBUG  o.d.commons.converter.AnyConverter(92) - Converting testGeneralConfigurationNegativeValidations (java.lang.String) to class java.lang.String
2021-04-24 12:38:33,181 [main] DEBUG  o.d.commons.converter.AnyConverter(92) - Converting testGeneralConfigurationNegativeValidations (java.lang.String) to class java.lang.String
2021-04-24 12:38:33,181 [main] DEBUG  o.d.commons.converter.AnyConverter(92) - Converting null to class java.lang.String
2021-04-24 12:38:33,182 [main] DEBUG  o.d.benerator.anno.AnnotationMapper(182) - mapDetails(@org.databene.benerator.anno.Source(filter=, selector=, id=, nesting=, encoding=, value=src\test\resources\testdata\NegativeScenariosGeneralConfiguration.csv, separator=, uri=, dataset=), testGeneralConfigurationNegativeValidations[])
2021-04-24 12:38:33,182 [main] DEBUG  o.d.commons.converter.AnyConverter(92) - Converting src\test\resources\testdata\NegativeScenariosGeneralConfiguration.csv (java.lang.String) to class java.lang.String
2021-04-24 12:38:33,183 [main] DEBUG  o.d.commons.converter.AnyConverter(92) - Converting 0 (java.lang.String) to class java.lang.String
2021-04-24 12:38:33,183 [main] DEBUG  o.d.commons.converter.AnyConverter(92) - Converting string (java.lang.String) to class java.lang.String
2021-04-24 12:38:33,184 [main] DEBUG  o.d.commons.converter.AnyConverter(92) - Converting 1 (java.lang.String) to class java.lang.String
2021-04-24 12:38:33,185 [main] DEBUG  o.d.commons.converter.AnyConverter(92) - Converting string (java.lang.String) to class java.lang.String
2021-04-24 12:38:33,186 [main] DEBUG  o.d.commons.converter.AnyConverter(92) - Converting 2 (java.lang.String) to class java.lang.String
2021-04-24 12:38:33,186 [main] DEBUG  o.d.commons.converter.AnyConverter(92) - Converting string (java.lang.String) to class java.lang.String
2021-04-24 12:38:33,186 [main] DEBUG  o.d.b.factory.ArrayGeneratorFactory(75) - createArrayGenerator(testGeneralConfigurationNegativeValidations)
2021-04-24 12:38:33,187 [main] DEBUG  o.d.b.factory.ArrayGeneratorFactory(142) - createCSVSourceGenerator(ArrayTypeDescriptor[0[type=string], 1[type=string], 2[type=string]])
2021-04-24 12:38:33,187 [main] DEBUG  o.d.commons.converter.AnyConverter(92) - Converting testGeneralConfigurationNegativeValidations (java.lang.String) to class java.lang.String
2021-04-24 12:38:33,188 [main] DEBUG  o.d.b.factory.ArrayGeneratorFactory(90) - Created VariableAwareGenerator[
    ConvertingGenerator
]
2021-04-24 12:38:33,188 [main] DEBUG  org.databene.commons.IOUtil(232) - resolveLocalUri(src\test\resources\testdata\NegativeScenariosGeneralConfiguration.csv, .)
2021-04-24 12:38:33,189 [main] DEBUG  org.databene.commons.IOUtil(181) - getInputStreamForURI(src/test/resources/testdata/NegativeScenariosGeneralConfiguration.csv, true)
2021-04-24 12:38:33,189 [main] DEBUG  org.databene.commons.IOUtil(473) - getFileOrResourceAsStream(src/test/resources/testdata/NegativeScenariosGeneralConfiguration.csv, true)
2021-04-24 12:38:33,191 [main] DEBUG  o.d.commons.converter.AnyConverter(92) - Converting AT-000001 (java.lang.String) to class java.lang.String
2021-04-24 12:38:33,192 [main] DEBUG  o.d.commons.converter.AnyConverter(92) - Converting TRUE (java.lang.String) to class java.lang.String
2021-04-24 12:38:33,193 [main] DEBUG  o.d.commons.converter.AnyConverter(92) - Converting EmptySubBrandDomainNameIPAddress (java.lang.String) to class java.lang.String
2021-04-24 12:38:33,194 [main] DEBUG  o.d.b.c.VariableAwareGenerator(96) - Generated [Ljava.lang.Object;@3277e499
2021-04-24 12:38:33,195 [main] DEBUG  o.d.commons.converter.AnyConverter(92) - Converting AT-000002 (java.lang.String) to class java.lang.String
2021-04-24 12:38:33,197 [main] DEBUG  o.d.commons.converter.AnyConverter(92) - Converting TRUE (java.lang.String) to class java.lang.String
2021-04-24 12:38:33,198 [main] DEBUG  o.d.commons.converter.AnyConverter(92) - Converting DuplicateIPSubBrandNameAndDomainNameGreaterThan50Characters (java.lang.String) to class java.lang.String
2021-04-24 12:38:33,198 [main] DEBUG  o.d.b.c.VariableAwareGenerator(96) - Generated [Ljava.lang.Object;@585811a4
2021-04-24 12:38:33,199 [main] INFO   c.y.c.listeners.CustomListener(61) - =============================================================================
2021-04-24 12:38:33,199 [main] INFO   c.y.c.listeners.CustomListener(62) - STARTED - com.yodlee.customizationtool.CreateSubBrand##testGeneralConfigurationNegativeValidations By Thread with name as ##main
2021-04-24 12:38:33,200 [main] INFO   c.y.c.listeners.CustomListener(64) - ==============================================================================
2021-04-24 12:38:33,204 [main] INFO   c.y.c.listeners.CustomListener(61) - =============================================================================
2021-04-24 12:38:33,205 [main] INFO   c.y.c.listeners.CustomListener(62) - STARTED - com.yodlee.customizationtool.CreateSubBrand##testGeneralConfigurationNegativeValidations By Thread with name as ##main
2021-04-24 12:38:33,206 [main] INFO   c.y.c.listeners.CustomListener(64) - ==============================================================================
2021-04-24 12:38:33,212 [main] INFO   ReportGenerator(149) - 

<< --- TestCase START --->> testGeneralConfigurationNegativeValidations ( AT-000001 , TRUE , EmptySubBrandDomainNameIPAddress ) 

2021-04-24 12:38:33,214 [main] INFO   c.y.c.listeners.CustomListener(101) - ===========================================================================
2021-04-24 12:38:33,215 [main] INFO   c.y.c.listeners.CustomListener(102) - SKIPPED - com.yodlee.customizationtool.CreateSubBrand#testGeneralConfigurationNegativeValidations SKIPPED REASON :::null
2021-04-24 12:38:33,215 [main] INFO   c.y.c.listeners.CustomListener(104) - ===========================================================================
2021-04-24 12:38:33,219 [main] INFO   c.y.c.listeners.CustomListener(101) - ===========================================================================
2021-04-24 12:38:33,221 [main] INFO   c.y.c.listeners.CustomListener(102) - SKIPPED - com.yodlee.customizationtool.CreateSubBrand#testGeneralConfigurationNegativeValidations SKIPPED REASON :::null
2021-04-24 12:38:33,221 [main] INFO   c.y.c.listeners.CustomListener(104) - ===========================================================================
2021-04-24 12:38:33,222 [main] INFO   ReportGenerator(199) - 

 TestCase: testGeneralConfigurationNegativeValidations ( AT-000001 , TRUE , EmptySubBrandDomainNameIPAddress ) : --->>> SKIPPED
2021-04-24 12:38:33,278 [main] DEBUG  o.d.commons.converter.AnyConverter(92) - Converting AT-000003 (java.lang.String) to class java.lang.String
2021-04-24 12:38:33,284 [main] DEBUG  o.d.commons.converter.AnyConverter(92) - Converting TRUE (java.lang.String) to class java.lang.String
2021-04-24 12:38:33,285 [main] DEBUG  o.d.commons.converter.AnyConverter(92) - Converting MoreThan5IPAddressesAndSubBrandDomainNameLessThan2Characters (java.lang.String) to class java.lang.String
2021-04-24 12:38:33,285 [main] DEBUG  o.d.b.c.VariableAwareGenerator(96) - Generated [Ljava.lang.Object;@411341bd
2021-04-24 12:38:33,286 [main] INFO   c.y.c.listeners.CustomListener(61) - =============================================================================
2021-04-24 12:38:33,287 [main] INFO   c.y.c.listeners.CustomListener(62) - STARTED - com.yodlee.customizationtool.CreateSubBrand##testGeneralConfigurationNegativeValidations By Thread with name as ##main
2021-04-24 12:38:33,287 [main] INFO   c.y.c.listeners.CustomListener(64) - ==============================================================================
2021-04-24 12:38:33,290 [main] INFO   c.y.c.listeners.CustomListener(61) - =============================================================================
2021-04-24 12:38:33,291 [main] INFO   c.y.c.listeners.CustomListener(62) - STARTED - com.yodlee.customizationtool.CreateSubBrand##testGeneralConfigurationNegativeValidations By Thread with name as ##main
2021-04-24 12:38:33,291 [main] INFO   c.y.c.listeners.CustomListener(64) - ==============================================================================
2021-04-24 12:38:33,292 [main] INFO   ReportGenerator(149) - 

<< --- TestCase START --->> testGeneralConfigurationNegativeValidations ( AT-000002 , TRUE , DuplicateIPSubBrandNameAndDomainNameGreaterThan50Characters ) 

2021-04-24 12:38:33,293 [main] INFO   c.y.c.listeners.CustomListener(101) - ===========================================================================
2021-04-24 12:38:33,293 [main] INFO   c.y.c.listeners.CustomListener(102) - SKIPPED - com.yodlee.customizationtool.CreateSubBrand#testGeneralConfigurationNegativeValidations SKIPPED REASON :::null
2021-04-24 12:38:33,294 [main] INFO   c.y.c.listeners.CustomListener(104) - ===========================================================================
2021-04-24 12:38:33,311 [main] INFO   c.y.c.listeners.CustomListener(101) - ===========================================================================
2021-04-24 12:38:33,312 [main] INFO   c.y.c.listeners.CustomListener(102) - SKIPPED - com.yodlee.customizationtool.CreateSubBrand#testGeneralConfigurationNegativeValidations SKIPPED REASON :::null
2021-04-24 12:38:33,312 [main] INFO   c.y.c.listeners.CustomListener(104) - ===========================================================================
2021-04-24 12:38:33,313 [main] INFO   ReportGenerator(199) - 

 TestCase: testGeneralConfigurationNegativeValidations ( AT-000002 , TRUE , DuplicateIPSubBrandNameAndDomainNameGreaterThan50Characters ) : --->>> SKIPPED
2021-04-24 12:38:33,372 [main] DEBUG  o.d.commons.converter.AnyConverter(92) - Converting AT-000004 (java.lang.String) to class java.lang.String
2021-04-24 12:38:33,373 [main] DEBUG  o.d.commons.converter.AnyConverter(92) - Converting TRUE (java.lang.String) to class java.lang.String
2021-04-24 12:38:33,373 [main] DEBUG  o.d.commons.converter.AnyConverter(92) - Converting InvalidIPAddressAndSubBrandDomainNameNoSpecialCharactersAllowed (java.lang.String) to class java.lang.String
2021-04-24 12:38:33,373 [main] DEBUG  o.d.b.c.VariableAwareGenerator(96) - Generated [Ljava.lang.Object;@5400db36
2021-04-24 12:38:33,374 [main] INFO   c.y.c.listeners.CustomListener(61) - =============================================================================
2021-04-24 12:38:33,374 [main] INFO   c.y.c.listeners.CustomListener(62) - STARTED - com.yodlee.customizationtool.CreateSubBrand##testGeneralConfigurationNegativeValidations By Thread with name as ##main
2021-04-24 12:38:33,374 [main] INFO   c.y.c.listeners.CustomListener(64) - ==============================================================================
2021-04-24 12:38:33,376 [main] INFO   c.y.c.listeners.CustomListener(61) - =============================================================================
2021-04-24 12:38:33,377 [main] INFO   c.y.c.listeners.CustomListener(62) - STARTED - com.yodlee.customizationtool.CreateSubBrand##testGeneralConfigurationNegativeValidations By Thread with name as ##main
2021-04-24 12:38:33,377 [main] INFO   c.y.c.listeners.CustomListener(64) - ==============================================================================
2021-04-24 12:38:33,378 [main] INFO   ReportGenerator(149) - 

<< --- TestCase START --->> testGeneralConfigurationNegativeValidations ( AT-000003 , TRUE , MoreThan5IPAddressesAndSubBrandDomainNameLessThan2Characters ) 

2021-04-24 12:38:33,380 [main] INFO   c.y.c.listeners.CustomListener(101) - ===========================================================================
2021-04-24 12:38:33,381 [main] INFO   c.y.c.listeners.CustomListener(102) - SKIPPED - com.yodlee.customizationtool.CreateSubBrand#testGeneralConfigurationNegativeValidations SKIPPED REASON :::null
2021-04-24 12:38:33,381 [main] INFO   c.y.c.listeners.CustomListener(104) - ===========================================================================
2021-04-24 12:38:33,384 [main] INFO   c.y.c.listeners.CustomListener(101) - ===========================================================================
2021-04-24 12:38:33,385 [main] INFO   c.y.c.listeners.CustomListener(102) - SKIPPED - com.yodlee.customizationtool.CreateSubBrand#testGeneralConfigurationNegativeValidations SKIPPED REASON :::null
2021-04-24 12:38:33,385 [main] INFO   c.y.c.listeners.CustomListener(104) - ===========================================================================
2021-04-24 12:38:33,386 [main] INFO   ReportGenerator(199) - 

 TestCase: testGeneralConfigurationNegativeValidations ( AT-000003 , TRUE , MoreThan5IPAddressesAndSubBrandDomainNameLessThan2Characters ) : --->>> SKIPPED
2021-04-24 12:38:33,455 [main] INFO   c.y.c.listeners.CustomListener(61) - =============================================================================
2021-04-24 12:38:33,456 [main] INFO   c.y.c.listeners.CustomListener(62) - STARTED - com.yodlee.customizationtool.CreateSubBrand##testGeneralConfigurationNegativeValidations By Thread with name as ##main
2021-04-24 12:38:33,456 [main] INFO   c.y.c.listeners.CustomListener(64) - ==============================================================================
2021-04-24 12:38:33,458 [main] INFO   c.y.c.listeners.CustomListener(61) - =============================================================================
2021-04-24 12:38:33,459 [main] INFO   c.y.c.listeners.CustomListener(62) - STARTED - com.yodlee.customizationtool.CreateSubBrand##testGeneralConfigurationNegativeValidations By Thread with name as ##main
2021-04-24 12:38:33,460 [main] INFO   c.y.c.listeners.CustomListener(64) - ==============================================================================
2021-04-24 12:38:33,460 [main] INFO   ReportGenerator(149) - 

<< --- TestCase START --->> testGeneralConfigurationNegativeValidations ( AT-000004 , TRUE , InvalidIPAddressAndSubBrandDomainNameNoSpecialCharactersAllowed ) 

2021-04-24 12:38:33,461 [main] INFO   c.y.c.listeners.CustomListener(101) - ===========================================================================
2021-04-24 12:38:33,462 [main] INFO   c.y.c.listeners.CustomListener(102) - SKIPPED - com.yodlee.customizationtool.CreateSubBrand#testGeneralConfigurationNegativeValidations SKIPPED REASON :::null
2021-04-24 12:38:33,462 [main] INFO   c.y.c.listeners.CustomListener(104) - ===========================================================================
2021-04-24 12:38:33,466 [main] INFO   c.y.c.listeners.CustomListener(101) - ===========================================================================
2021-04-24 12:38:33,468 [main] INFO   c.y.c.listeners.CustomListener(102) - SKIPPED - com.yodlee.customizationtool.CreateSubBrand#testGeneralConfigurationNegativeValidations SKIPPED REASON :::null
2021-04-24 12:38:33,468 [main] INFO   c.y.c.listeners.CustomListener(104) - ===========================================================================
2021-04-24 12:38:33,470 [main] INFO   ReportGenerator(199) - 

 TestCase: testGeneralConfigurationNegativeValidations ( AT-000004 , TRUE , InvalidIPAddressAndSubBrandDomainNameNoSpecialCharactersAllowed ) : --->>> SKIPPED
2021-04-24 12:38:33,533 [main] DEBUG  o.d.commons.converter.AnyConverter(92) - Converting benerator:defaultComponent (java.lang.String) to class java.lang.String
2021-04-24 12:38:33,534 [main] DEBUG  o.d.commons.converter.AnyConverter(92) - Converting testPrivateAuthSetupNegativeValidations (java.lang.String) to class java.lang.String
2021-04-24 12:38:33,535 [main] DEBUG  o.d.commons.converter.AnyConverter(92) - Converting testPrivateAuthSetupNegativeValidations (java.lang.String) to class java.lang.String
2021-04-24 12:38:33,536 [main] DEBUG  o.d.commons.converter.AnyConverter(92) - Converting null to class java.lang.String
2021-04-24 12:38:33,536 [main] DEBUG  o.d.benerator.anno.AnnotationMapper(182) - mapDetails(@org.databene.benerator.anno.Source(filter=, selector=, id=, nesting=, encoding=, value=src\test\resources\testdata\NegativeScenariosPrivateAuthSetup.csv, separator=, uri=, dataset=), testPrivateAuthSetupNegativeValidations[])
2021-04-24 12:38:33,537 [main] DEBUG  o.d.commons.converter.AnyConverter(92) - Converting src\test\resources\testdata\NegativeScenariosPrivateAuthSetup.csv (java.lang.String) to class java.lang.String
2021-04-24 12:38:33,537 [main] DEBUG  o.d.commons.converter.AnyConverter(92) - Converting 0 (java.lang.String) to class java.lang.String
2021-04-24 12:38:33,538 [main] DEBUG  o.d.commons.converter.AnyConverter(92) - Converting string (java.lang.String) to class java.lang.String
2021-04-24 12:38:33,538 [main] DEBUG  o.d.commons.converter.AnyConverter(92) - Converting 1 (java.lang.String) to class java.lang.String
2021-04-24 12:38:33,539 [main] DEBUG  o.d.commons.converter.AnyConverter(92) - Converting string (java.lang.String) to class java.lang.String
2021-04-24 12:38:33,539 [main] DEBUG  o.d.commons.converter.AnyConverter(92) - Converting 2 (java.lang.String) to class java.lang.String
2021-04-24 12:38:33,540 [main] DEBUG  o.d.commons.converter.AnyConverter(92) - Converting string (java.lang.String) to class java.lang.String
2021-04-24 12:38:33,541 [main] DEBUG  o.d.commons.converter.AnyConverter(92) - Converting 3 (java.lang.String) to class java.lang.String
2021-04-24 12:38:33,541 [main] DEBUG  o.d.commons.converter.AnyConverter(92) - Converting string (java.lang.String) to class java.lang.String
2021-04-24 12:38:33,542 [main] DEBUG  o.d.b.factory.ArrayGeneratorFactory(75) - createArrayGenerator(testPrivateAuthSetupNegativeValidations)
2021-04-24 12:38:33,542 [main] DEBUG  o.d.b.factory.ArrayGeneratorFactory(142) - createCSVSourceGenerator(ArrayTypeDescriptor[0[type=string], 1[type=string], 2[type=string], 3[type=string]])
2021-04-24 12:38:33,543 [main] DEBUG  o.d.commons.converter.AnyConverter(92) - Converting testPrivateAuthSetupNegativeValidations (java.lang.String) to class java.lang.String
2021-04-24 12:38:33,543 [main] DEBUG  o.d.b.factory.ArrayGeneratorFactory(90) - Created VariableAwareGenerator[
    ConvertingGenerator
]
2021-04-24 12:38:33,544 [main] DEBUG  org.databene.commons.IOUtil(232) - resolveLocalUri(src\test\resources\testdata\NegativeScenariosPrivateAuthSetup.csv, .)
2021-04-24 12:38:33,549 [main] DEBUG  org.databene.commons.IOUtil(181) - getInputStreamForURI(src/test/resources/testdata/NegativeScenariosPrivateAuthSetup.csv, true)
2021-04-24 12:38:33,550 [main] DEBUG  org.databene.commons.IOUtil(473) - getFileOrResourceAsStream(src/test/resources/testdata/NegativeScenariosPrivateAuthSetup.csv, true)
2021-04-24 12:38:33,552 [main] DEBUG  o.d.commons.converter.AnyConverter(92) - Converting AT-000001 (java.lang.String) to class java.lang.String
2021-04-24 12:38:33,552 [main] DEBUG  o.d.commons.converter.AnyConverter(92) - Converting TRUE (java.lang.String) to class java.lang.String
2021-04-24 12:38:33,553 [main] DEBUG  o.d.commons.converter.AnyConverter(92) - Converting NoLoginMechanism (java.lang.String) to class java.lang.String
2021-04-24 12:38:33,553 [main] DEBUG  o.d.commons.converter.AnyConverter(92) - Converting None (java.lang.String) to class java.lang.String
2021-04-24 12:38:33,553 [main] DEBUG  o.d.b.c.VariableAwareGenerator(96) - Generated [Ljava.lang.Object;@10027fc9
2021-04-24 12:38:33,554 [main] DEBUG  o.d.commons.converter.AnyConverter(92) - Converting AT-000002 (java.lang.String) to class java.lang.String
2021-04-24 12:38:33,554 [main] DEBUG  o.d.commons.converter.AnyConverter(92) - Converting TRUE (java.lang.String) to class java.lang.String
2021-04-24 12:38:33,554 [main] DEBUG  o.d.commons.converter.AnyConverter(92) - Converting EmptyDetails (java.lang.String) to class java.lang.String
2021-04-24 12:38:33,555 [main] DEBUG  o.d.commons.converter.AnyConverter(92) - Converting SAML;JWT (java.lang.String) to class java.lang.String
2021-04-24 12:38:33,555 [main] DEBUG  o.d.b.c.VariableAwareGenerator(96) - Generated [Ljava.lang.Object;@54afd745
2021-04-24 12:38:33,555 [main] INFO   c.y.c.listeners.CustomListener(61) - =============================================================================
2021-04-24 12:38:33,556 [main] INFO   c.y.c.listeners.CustomListener(62) - STARTED - com.yodlee.customizationtool.CreateSubBrand##testPrivateAuthSetupNegativeValidations By Thread with name as ##main
2021-04-24 12:38:33,556 [main] INFO   c.y.c.listeners.CustomListener(64) - ==============================================================================
2021-04-24 12:38:33,557 [main] INFO   c.y.c.listeners.CustomListener(61) - =============================================================================
2021-04-24 12:38:33,558 [main] INFO   c.y.c.listeners.CustomListener(62) - STARTED - com.yodlee.customizationtool.CreateSubBrand##testPrivateAuthSetupNegativeValidations By Thread with name as ##main
2021-04-24 12:38:33,558 [main] INFO   c.y.c.listeners.CustomListener(64) - ==============================================================================
2021-04-24 12:38:33,559 [main] INFO   ReportGenerator(149) - 

<< --- TestCase START --->> testPrivateAuthSetupNegativeValidations ( AT-000001 , TRUE , NoLoginMechanism , None ) 

2021-04-24 12:38:33,560 [main] INFO   c.y.c.listeners.CustomListener(101) - ===========================================================================
2021-04-24 12:38:33,560 [main] INFO   c.y.c.listeners.CustomListener(102) - SKIPPED - com.yodlee.customizationtool.CreateSubBrand#testPrivateAuthSetupNegativeValidations SKIPPED REASON :::null
2021-04-24 12:38:33,561 [main] INFO   c.y.c.listeners.CustomListener(104) - ===========================================================================
2021-04-24 12:38:33,563 [main] INFO   c.y.c.listeners.CustomListener(101) - ===========================================================================
2021-04-24 12:38:33,564 [main] INFO   c.y.c.listeners.CustomListener(102) - SKIPPED - com.yodlee.customizationtool.CreateSubBrand#testPrivateAuthSetupNegativeValidations SKIPPED REASON :::null
2021-04-24 12:38:33,564 [main] INFO   c.y.c.listeners.CustomListener(104) - ===========================================================================
2021-04-24 12:38:33,565 [main] INFO   ReportGenerator(199) - 

 TestCase: testPrivateAuthSetupNegativeValidations ( AT-000001 , TRUE , NoLoginMechanism , None ) : --->>> SKIPPED
2021-04-24 12:38:33,622 [main] DEBUG  o.d.commons.converter.AnyConverter(92) - Converting AT-000003 (java.lang.String) to class java.lang.String
2021-04-24 12:38:33,623 [main] DEBUG  o.d.commons.converter.AnyConverter(92) - Converting TRUE (java.lang.String) to class java.lang.String
2021-04-24 12:38:33,623 [main] DEBUG  o.d.commons.converter.AnyConverter(92) - Converting MaxExpTimeMoreThan1800AndOtherFieldsExceedCharacterLimit (java.lang.String) to class java.lang.String
2021-04-24 12:38:33,623 [main] DEBUG  o.d.commons.converter.AnyConverter(92) - Converting SAML;JWT (java.lang.String) to class java.lang.String
2021-04-24 12:38:33,624 [main] DEBUG  o.d.b.c.VariableAwareGenerator(96) - Generated [Ljava.lang.Object;@fff25f1
2021-04-24 12:38:33,625 [main] INFO   c.y.c.listeners.CustomListener(61) - =============================================================================
2021-04-24 12:38:33,625 [main] INFO   c.y.c.listeners.CustomListener(62) - STARTED - com.yodlee.customizationtool.CreateSubBrand##testPrivateAuthSetupNegativeValidations By Thread with name as ##main
2021-04-24 12:38:33,625 [main] INFO   c.y.c.listeners.CustomListener(64) - ==============================================================================
2021-04-24 12:38:33,627 [main] INFO   c.y.c.listeners.CustomListener(61) - =============================================================================
2021-04-24 12:38:33,629 [main] INFO   c.y.c.listeners.CustomListener(62) - STARTED - com.yodlee.customizationtool.CreateSubBrand##testPrivateAuthSetupNegativeValidations By Thread with name as ##main
2021-04-24 12:38:33,631 [main] INFO   c.y.c.listeners.CustomListener(64) - ==============================================================================
2021-04-24 12:38:33,631 [main] INFO   ReportGenerator(149) - 

<< --- TestCase START --->> testPrivateAuthSetupNegativeValidations ( AT-000002 , TRUE , EmptyDetails , SAML;JWT ) 

2021-04-24 12:38:33,637 [main] INFO   c.y.c.listeners.CustomListener(101) - ===========================================================================
2021-04-24 12:38:33,637 [main] INFO   c.y.c.listeners.CustomListener(102) - SKIPPED - com.yodlee.customizationtool.CreateSubBrand#testPrivateAuthSetupNegativeValidations SKIPPED REASON :::null
2021-04-24 12:38:33,638 [main] INFO   c.y.c.listeners.CustomListener(104) - ===========================================================================
2021-04-24 12:38:33,643 [main] INFO   c.y.c.listeners.CustomListener(101) - ===========================================================================
2021-04-24 12:38:33,644 [main] INFO   c.y.c.listeners.CustomListener(102) - SKIPPED - com.yodlee.customizationtool.CreateSubBrand#testPrivateAuthSetupNegativeValidations SKIPPED REASON :::null
2021-04-24 12:38:33,645 [main] INFO   c.y.c.listeners.CustomListener(104) - ===========================================================================
2021-04-24 12:38:33,645 [main] INFO   ReportGenerator(199) - 

 TestCase: testPrivateAuthSetupNegativeValidations ( AT-000002 , TRUE , EmptyDetails , SAML;JWT ) : --->>> SKIPPED
2021-04-24 12:38:33,710 [main] DEBUG  o.d.commons.converter.AnyConverter(92) - Converting AT-000004 (java.lang.String) to class java.lang.String
2021-04-24 12:38:33,711 [main] DEBUG  o.d.commons.converter.AnyConverter(92) - Converting TRUE (java.lang.String) to class java.lang.String
2021-04-24 12:38:33,711 [main] DEBUG  o.d.commons.converter.AnyConverter(92) - Converting MaxExpTimeAlphaNumericAndInvalidCredentialsLoginIdAndJWTKey (java.lang.String) to class java.lang.String
2021-04-24 12:38:33,712 [main] DEBUG  o.d.commons.converter.AnyConverter(92) - Converting SAML;JWT (java.lang.String) to class java.lang.String
2021-04-24 12:38:33,713 [main] DEBUG  o.d.b.c.VariableAwareGenerator(96) - Generated [Ljava.lang.Object;@263f04ca
2021-04-24 12:38:33,713 [main] INFO   c.y.c.listeners.CustomListener(61) - =============================================================================
2021-04-24 12:38:33,714 [main] INFO   c.y.c.listeners.CustomListener(62) - STARTED - com.yodlee.customizationtool.CreateSubBrand##testPrivateAuthSetupNegativeValidations By Thread with name as ##main
2021-04-24 12:38:33,715 [main] INFO   c.y.c.listeners.CustomListener(64) - ==============================================================================
2021-04-24 12:38:33,718 [main] INFO   c.y.c.listeners.CustomListener(61) - =============================================================================
2021-04-24 12:38:33,720 [main] INFO   c.y.c.listeners.CustomListener(62) - STARTED - com.yodlee.customizationtool.CreateSubBrand##testPrivateAuthSetupNegativeValidations By Thread with name as ##main
2021-04-24 12:38:33,720 [main] INFO   c.y.c.listeners.CustomListener(64) - ==============================================================================
2021-04-24 12:38:33,720 [main] INFO   ReportGenerator(149) - 

<< --- TestCase START --->> testPrivateAuthSetupNegativeValidations ( AT-000003 , TRUE , MaxExpTimeMoreThan1800AndOtherFieldsExceedCharacterLimit , SAML;JWT ) 

2021-04-24 12:38:33,722 [main] INFO   c.y.c.listeners.CustomListener(101) - ===========================================================================
2021-04-24 12:38:33,722 [main] INFO   c.y.c.listeners.CustomListener(102) - SKIPPED - com.yodlee.customizationtool.CreateSubBrand#testPrivateAuthSetupNegativeValidations SKIPPED REASON :::null
2021-04-24 12:38:33,722 [main] INFO   c.y.c.listeners.CustomListener(104) - ===========================================================================
2021-04-24 12:38:33,725 [main] INFO   c.y.c.listeners.CustomListener(101) - ===========================================================================
2021-04-24 12:38:33,726 [main] INFO   c.y.c.listeners.CustomListener(102) - SKIPPED - com.yodlee.customizationtool.CreateSubBrand#testPrivateAuthSetupNegativeValidations SKIPPED REASON :::null
2021-04-24 12:38:33,727 [main] INFO   c.y.c.listeners.CustomListener(104) - ===========================================================================
2021-04-24 12:38:33,728 [main] INFO   ReportGenerator(199) - 

 TestCase: testPrivateAuthSetupNegativeValidations ( AT-000003 , TRUE , MaxExpTimeMoreThan1800AndOtherFieldsExceedCharacterLimit , SAML;JWT ) : --->>> SKIPPED
2021-04-24 12:38:33,834 [main] INFO   c.y.c.listeners.CustomListener(61) - =============================================================================
2021-04-24 12:38:33,843 [main] INFO   c.y.c.listeners.CustomListener(62) - STARTED - com.yodlee.customizationtool.CreateSubBrand##testPrivateAuthSetupNegativeValidations By Thread with name as ##main
2021-04-24 12:38:33,844 [main] INFO   c.y.c.listeners.CustomListener(64) - ==============================================================================
2021-04-24 12:38:33,846 [main] INFO   c.y.c.listeners.CustomListener(61) - =============================================================================
2021-04-24 12:38:33,846 [main] INFO   c.y.c.listeners.CustomListener(62) - STARTED - com.yodlee.customizationtool.CreateSubBrand##testPrivateAuthSetupNegativeValidations By Thread with name as ##main
2021-04-24 12:38:33,847 [main] INFO   c.y.c.listeners.CustomListener(64) - ==============================================================================
2021-04-24 12:38:33,847 [main] INFO   ReportGenerator(149) - 

<< --- TestCase START --->> testPrivateAuthSetupNegativeValidations ( AT-000004 , TRUE , MaxExpTimeAlphaNumericAndInvalidCredentialsLoginIdAndJWTKey , SAML;JWT ) 

2021-04-24 12:38:33,848 [main] INFO   c.y.c.listeners.CustomListener(101) - ===========================================================================
2021-04-24 12:38:33,849 [main] INFO   c.y.c.listeners.CustomListener(102) - SKIPPED - com.yodlee.customizationtool.CreateSubBrand#testPrivateAuthSetupNegativeValidations SKIPPED REASON :::null
2021-04-24 12:38:33,849 [main] INFO   c.y.c.listeners.CustomListener(104) - ===========================================================================
2021-04-24 12:38:33,851 [main] INFO   c.y.c.listeners.CustomListener(101) - ===========================================================================
2021-04-24 12:38:33,852 [main] INFO   c.y.c.listeners.CustomListener(102) - SKIPPED - com.yodlee.customizationtool.CreateSubBrand#testPrivateAuthSetupNegativeValidations SKIPPED REASON :::null
2021-04-24 12:38:33,852 [main] INFO   c.y.c.listeners.CustomListener(104) - ===========================================================================
2021-04-24 12:38:33,852 [main] INFO   ReportGenerator(199) - 

 TestCase: testPrivateAuthSetupNegativeValidations ( AT-000004 , TRUE , MaxExpTimeAlphaNumericAndInvalidCredentialsLoginIdAndJWTKey , SAML;JWT ) : --->>> SKIPPED
2021-04-24 12:38:33,897 [main] DEBUG  o.d.commons.converter.AnyConverter(92) - Converting benerator:defaultComponent (java.lang.String) to class java.lang.String
2021-04-24 12:38:33,898 [main] DEBUG  o.d.commons.converter.AnyConverter(92) - Converting testPublicAuthSetupNegativeValidations (java.lang.String) to class java.lang.String
2021-04-24 12:38:33,898 [main] DEBUG  o.d.commons.converter.AnyConverter(92) - Converting testPublicAuthSetupNegativeValidations (java.lang.String) to class java.lang.String
2021-04-24 12:38:33,898 [main] DEBUG  o.d.commons.converter.AnyConverter(92) - Converting null to class java.lang.String
2021-04-24 12:38:33,899 [main] DEBUG  o.d.benerator.anno.AnnotationMapper(182) - mapDetails(@org.databene.benerator.anno.Source(filter=, selector=, id=, nesting=, encoding=, value=src\test\resources\testdata\NegativeScenariosPublicAuthSetup.csv, separator=, uri=, dataset=), testPublicAuthSetupNegativeValidations[])
2021-04-24 12:38:33,900 [main] DEBUG  o.d.commons.converter.AnyConverter(92) - Converting src\test\resources\testdata\NegativeScenariosPublicAuthSetup.csv (java.lang.String) to class java.lang.String
2021-04-24 12:38:33,900 [main] DEBUG  o.d.commons.converter.AnyConverter(92) - Converting 0 (java.lang.String) to class java.lang.String
2021-04-24 12:38:33,901 [main] DEBUG  o.d.commons.converter.AnyConverter(92) - Converting string (java.lang.String) to class java.lang.String
2021-04-24 12:38:33,901 [main] DEBUG  o.d.commons.converter.AnyConverter(92) - Converting 1 (java.lang.String) to class java.lang.String
2021-04-24 12:38:33,902 [main] DEBUG  o.d.commons.converter.AnyConverter(92) - Converting string (java.lang.String) to class java.lang.String
2021-04-24 12:38:33,903 [main] DEBUG  o.d.commons.converter.AnyConverter(92) - Converting 2 (java.lang.String) to class java.lang.String
2021-04-24 12:38:33,903 [main] DEBUG  o.d.commons.converter.AnyConverter(92) - Converting string (java.lang.String) to class java.lang.String
2021-04-24 12:38:33,903 [main] DEBUG  o.d.commons.converter.AnyConverter(92) - Converting 3 (java.lang.String) to class java.lang.String
2021-04-24 12:38:33,903 [main] DEBUG  o.d.commons.converter.AnyConverter(92) - Converting string (java.lang.String) to class java.lang.String
2021-04-24 12:38:33,904 [main] DEBUG  o.d.commons.converter.AnyConverter(92) - Converting 4 (java.lang.String) to class java.lang.String
2021-04-24 12:38:33,904 [main] DEBUG  o.d.commons.converter.AnyConverter(92) - Converting string (java.lang.String) to class java.lang.String
2021-04-24 12:38:33,904 [main] DEBUG  o.d.commons.converter.AnyConverter(92) - Converting 5 (java.lang.String) to class java.lang.String
2021-04-24 12:38:33,905 [main] DEBUG  o.d.commons.converter.AnyConverter(92) - Converting string (java.lang.String) to class java.lang.String
2021-04-24 12:38:33,905 [main] DEBUG  o.d.commons.converter.AnyConverter(92) - Converting 6 (java.lang.String) to class java.lang.String
2021-04-24 12:38:33,905 [main] DEBUG  o.d.commons.converter.AnyConverter(92) - Converting string (java.lang.String) to class java.lang.String
2021-04-24 12:38:33,906 [main] DEBUG  o.d.commons.converter.AnyConverter(92) - Converting 7 (java.lang.String) to class java.lang.String
2021-04-24 12:38:33,906 [main] DEBUG  o.d.commons.converter.AnyConverter(92) - Converting string (java.lang.String) to class java.lang.String
2021-04-24 12:38:33,907 [main] DEBUG  o.d.commons.converter.AnyConverter(92) - Converting 8 (java.lang.String) to class java.lang.String
2021-04-24 12:38:33,907 [main] DEBUG  o.d.commons.converter.AnyConverter(92) - Converting string (java.lang.String) to class java.lang.String
2021-04-24 12:38:33,907 [main] DEBUG  o.d.commons.converter.AnyConverter(92) - Converting 9 (java.lang.String) to class java.lang.String
2021-04-24 12:38:33,908 [main] DEBUG  o.d.commons.converter.AnyConverter(92) - Converting string (java.lang.String) to class java.lang.String
2021-04-24 12:38:33,908 [main] DEBUG  o.d.commons.converter.AnyConverter(92) - Converting 10 (java.lang.String) to class java.lang.String
2021-04-24 12:38:33,908 [main] DEBUG  o.d.commons.converter.AnyConverter(92) - Converting string (java.lang.String) to class java.lang.String
2021-04-24 12:38:33,909 [main] DEBUG  o.d.b.factory.ArrayGeneratorFactory(75) - createArrayGenerator(testPublicAuthSetupNegativeValidations)
2021-04-24 12:38:33,909 [main] DEBUG  o.d.b.factory.ArrayGeneratorFactory(142) - createCSVSourceGenerator(ArrayTypeDescriptor[0[type=string], 1[type=string], 2[type=string], 3[type=string], 4[type=string], 5[type=string], 6[type=string], 7[type=string], 8[type=string], 9[type=string], 10[type=string]])
2021-04-24 12:38:33,910 [main] DEBUG  o.d.commons.converter.AnyConverter(92) - Converting testPublicAuthSetupNegativeValidations (java.lang.String) to class java.lang.String
2021-04-24 12:38:33,910 [main] DEBUG  o.d.b.factory.ArrayGeneratorFactory(90) - Created VariableAwareGenerator[
    ConvertingGenerator
]
2021-04-24 12:38:33,910 [main] DEBUG  org.databene.commons.IOUtil(232) - resolveLocalUri(src\test\resources\testdata\NegativeScenariosPublicAuthSetup.csv, .)
2021-04-24 12:38:33,911 [main] DEBUG  org.databene.commons.IOUtil(181) - getInputStreamForURI(src/test/resources/testdata/NegativeScenariosPublicAuthSetup.csv, true)
2021-04-24 12:38:33,911 [main] DEBUG  org.databene.commons.IOUtil(473) - getFileOrResourceAsStream(src/test/resources/testdata/NegativeScenariosPublicAuthSetup.csv, true)
2021-04-24 12:38:33,912 [main] DEBUG  o.d.commons.converter.AnyConverter(92) - Converting AT-000001 (java.lang.String) to class java.lang.String
2021-04-24 12:38:33,913 [main] DEBUG  o.d.commons.converter.AnyConverter(92) - Converting TRUE (java.lang.String) to class java.lang.String
2021-04-24 12:38:33,913 [main] DEBUG  o.d.commons.converter.AnyConverter(92) - Converting EmptyDetails (java.lang.String) to class java.lang.String
2021-04-24 12:38:33,914 [main] DEBUG  o.d.commons.converter.AnyConverter(92) - Converting SAML;JWT (java.lang.String) to class java.lang.String
2021-04-24 12:38:33,914 [main] DEBUG  o.d.commons.converter.AnyConverter(92) - Converting testcredPrivate (java.lang.String) to class java.lang.String
2021-04-24 12:38:33,914 [main] DEBUG  o.d.commons.converter.AnyConverter(92) - Converting saml (java.lang.String) to class java.lang.String
2021-04-24 12:38:33,914 [main] DEBUG  o.d.commons.converter.AnyConverter(92) - Converting testPrivate (java.lang.String) to class java.lang.String
2021-04-24 12:38:33,915 [main] DEBUG  o.d.commons.converter.AnyConverter(92) - Converting testPrivate (java.lang.String) to class java.lang.String
2021-04-24 12:38:33,915 [main] DEBUG  o.d.commons.converter.AnyConverter(92) - Converting 150 (java.lang.String) to class java.lang.String
2021-04-24 12:38:33,915 [main] DEBUG  o.d.commons.converter.AnyConverter(92) - Converting TRUE (java.lang.String) to class java.lang.String
2021-04-24 12:38:33,916 [main] DEBUG  o.d.commons.converter.AnyConverter(92) - Converting FALSE (java.lang.String) to class java.lang.String
2021-04-24 12:38:33,916 [main] DEBUG  o.d.b.c.VariableAwareGenerator(96) - Generated [Ljava.lang.Object;@51768776
2021-04-24 12:38:33,917 [main] DEBUG  o.d.commons.converter.AnyConverter(92) - Converting AT-000002 (java.lang.String) to class java.lang.String
2021-04-24 12:38:33,917 [main] DEBUG  o.d.commons.converter.AnyConverter(92) - Converting TRUE (java.lang.String) to class java.lang.String
2021-04-24 12:38:33,918 [main] DEBUG  o.d.commons.converter.AnyConverter(92) - Converting MaxExpTimeMoreThan1800AndOtherFieldsExceedCharacterLimit (java.lang.String) to class java.lang.String
2021-04-24 12:38:33,918 [main] DEBUG  o.d.commons.converter.AnyConverter(92) - Converting SAML;JWT (java.lang.String) to class java.lang.String
2021-04-24 12:38:33,919 [main] DEBUG  o.d.commons.converter.AnyConverter(92) - Converting testcredPrivate (java.lang.String) to class java.lang.String
2021-04-24 12:38:33,920 [main] DEBUG  o.d.commons.converter.AnyConverter(92) - Converting saml (java.lang.String) to class java.lang.String
2021-04-24 12:38:33,920 [main] DEBUG  o.d.commons.converter.AnyConverter(92) - Converting testPrivate (java.lang.String) to class java.lang.String
2021-04-24 12:38:33,921 [main] DEBUG  o.d.commons.converter.AnyConverter(92) - Converting testPrivate (java.lang.String) to class java.lang.String
2021-04-24 12:38:33,921 [main] DEBUG  o.d.commons.converter.AnyConverter(92) - Converting 150 (java.lang.String) to class java.lang.String
2021-04-24 12:38:33,921 [main] DEBUG  o.d.commons.converter.AnyConverter(92) - Converting TRUE (java.lang.String) to class java.lang.String
2021-04-24 12:38:33,922 [main] DEBUG  o.d.commons.converter.AnyConverter(92) - Converting FALSE (java.lang.String) to class java.lang.String
2021-04-24 12:38:33,922 [main] DEBUG  o.d.b.c.VariableAwareGenerator(96) - Generated [Ljava.lang.Object;@f31c0c6
2021-04-24 12:38:33,922 [main] INFO   c.y.c.listeners.CustomListener(61) - =============================================================================
2021-04-24 12:38:33,922 [main] INFO   c.y.c.listeners.CustomListener(62) - STARTED - com.yodlee.customizationtool.CreateSubBrand##testPublicAuthSetupNegativeValidations By Thread with name as ##main
2021-04-24 12:38:33,922 [main] INFO   c.y.c.listeners.CustomListener(64) - ==============================================================================
2021-04-24 12:38:33,924 [main] INFO   c.y.c.listeners.CustomListener(61) - =============================================================================
2021-04-24 12:38:33,924 [main] INFO   c.y.c.listeners.CustomListener(62) - STARTED - com.yodlee.customizationtool.CreateSubBrand##testPublicAuthSetupNegativeValidations By Thread with name as ##main
2021-04-24 12:38:33,925 [main] INFO   c.y.c.listeners.CustomListener(64) - ==============================================================================
2021-04-24 12:38:33,925 [main] INFO   ReportGenerator(149) - 

<< --- TestCase START --->> testPublicAuthSetupNegativeValidations ( AT-000001 , TRUE , EmptyDetails , SAML;JWT , testcredPrivate , saml , testPrivate , testPrivate , 150 , TRUE , FALSE ) 

2021-04-24 12:38:33,926 [main] INFO   c.y.c.listeners.CustomListener(101) - ===========================================================================
2021-04-24 12:38:33,926 [main] INFO   c.y.c.listeners.CustomListener(102) - SKIPPED - com.yodlee.customizationtool.CreateSubBrand#testPublicAuthSetupNegativeValidations SKIPPED REASON :::null
2021-04-24 12:38:33,926 [main] INFO   c.y.c.listeners.CustomListener(104) - ===========================================================================
2021-04-24 12:38:33,928 [main] INFO   c.y.c.listeners.CustomListener(101) - ===========================================================================
2021-04-24 12:38:33,929 [main] INFO   c.y.c.listeners.CustomListener(102) - SKIPPED - com.yodlee.customizationtool.CreateSubBrand#testPublicAuthSetupNegativeValidations SKIPPED REASON :::null
2021-04-24 12:38:33,930 [main] INFO   c.y.c.listeners.CustomListener(104) - ===========================================================================
2021-04-24 12:38:33,931 [main] INFO   ReportGenerator(199) - 

 TestCase: testPublicAuthSetupNegativeValidations ( AT-000001 , TRUE , EmptyDetails , SAML;JWT , testcredPrivate , saml , testPrivate , testPrivate , 150 , TRUE , FALSE ) : --->>> SKIPPED
2021-04-24 12:38:34,004 [main] DEBUG  o.d.commons.converter.AnyConverter(92) - Converting AT-000003 (java.lang.String) to class java.lang.String
2021-04-24 12:38:34,004 [main] DEBUG  o.d.commons.converter.AnyConverter(92) - Converting TRUE (java.lang.String) to class java.lang.String
2021-04-24 12:38:34,004 [main] DEBUG  o.d.commons.converter.AnyConverter(92) - Converting MaxExpTimeAlphaNumericAndInvalidCredentialsLoginIdAndJWTKey (java.lang.String) to class java.lang.String
2021-04-24 12:38:34,005 [main] DEBUG  o.d.commons.converter.AnyConverter(92) - Converting SAML;JWT (java.lang.String) to class java.lang.String
2021-04-24 12:38:34,005 [main] DEBUG  o.d.commons.converter.AnyConverter(92) - Converting testcredPrivate (java.lang.String) to class java.lang.String
2021-04-24 12:38:34,005 [main] DEBUG  o.d.commons.converter.AnyConverter(92) - Converting saml (java.lang.String) to class java.lang.String
2021-04-24 12:38:34,006 [main] DEBUG  o.d.commons.converter.AnyConverter(92) - Converting testPrivate (java.lang.String) to class java.lang.String
2021-04-24 12:38:34,006 [main] DEBUG  o.d.commons.converter.AnyConverter(92) - Converting testPrivate (java.lang.String) to class java.lang.String
2021-04-24 12:38:34,006 [main] DEBUG  o.d.commons.converter.AnyConverter(92) - Converting 150 (java.lang.String) to class java.lang.String
2021-04-24 12:38:34,007 [main] DEBUG  o.d.commons.converter.AnyConverter(92) - Converting TRUE (java.lang.String) to class java.lang.String
2021-04-24 12:38:34,007 [main] DEBUG  o.d.commons.converter.AnyConverter(92) - Converting FALSE (java.lang.String) to class java.lang.String
2021-04-24 12:38:34,007 [main] DEBUG  o.d.b.c.VariableAwareGenerator(96) - Generated [Ljava.lang.Object;@4a9419d7
2021-04-24 12:38:34,008 [main] INFO   c.y.c.listeners.CustomListener(61) - =============================================================================
2021-04-24 12:38:34,008 [main] INFO   c.y.c.listeners.CustomListener(62) - STARTED - com.yodlee.customizationtool.CreateSubBrand##testPublicAuthSetupNegativeValidations By Thread with name as ##main
2021-04-24 12:38:34,008 [main] INFO   c.y.c.listeners.CustomListener(64) - ==============================================================================
2021-04-24 12:38:34,010 [main] INFO   c.y.c.listeners.CustomListener(61) - =============================================================================
2021-04-24 12:38:34,010 [main] INFO   c.y.c.listeners.CustomListener(62) - STARTED - com.yodlee.customizationtool.CreateSubBrand##testPublicAuthSetupNegativeValidations By Thread with name as ##main
2021-04-24 12:38:34,010 [main] INFO   c.y.c.listeners.CustomListener(64) - ==============================================================================
2021-04-24 12:38:34,011 [main] INFO   ReportGenerator(149) - 

<< --- TestCase START --->> testPublicAuthSetupNegativeValidations ( AT-000002 , TRUE , MaxExpTimeMoreThan1800AndOtherFieldsExceedCharacterLimit , SAML;JWT , testcredPrivate , saml , testPrivate , testPrivate , 150 , TRUE , FALSE ) 

2021-04-24 12:38:34,012 [main] INFO   c.y.c.listeners.CustomListener(101) - ===========================================================================
2021-04-24 12:38:34,012 [main] INFO   c.y.c.listeners.CustomListener(102) - SKIPPED - com.yodlee.customizationtool.CreateSubBrand#testPublicAuthSetupNegativeValidations SKIPPED REASON :::null
2021-04-24 12:38:34,013 [main] INFO   c.y.c.listeners.CustomListener(104) - ===========================================================================
2021-04-24 12:38:34,017 [main] INFO   c.y.c.listeners.CustomListener(101) - ===========================================================================
2021-04-24 12:38:34,018 [main] INFO   c.y.c.listeners.CustomListener(102) - SKIPPED - com.yodlee.customizationtool.CreateSubBrand#testPublicAuthSetupNegativeValidations SKIPPED REASON :::null
2021-04-24 12:38:34,019 [main] INFO   c.y.c.listeners.CustomListener(104) - ===========================================================================
2021-04-24 12:38:34,019 [main] INFO   ReportGenerator(199) - 

 TestCase: testPublicAuthSetupNegativeValidations ( AT-000002 , TRUE , MaxExpTimeMoreThan1800AndOtherFieldsExceedCharacterLimit , SAML;JWT , testcredPrivate , saml , testPrivate , testPrivate , 150 , TRUE , FALSE ) : --->>> SKIPPED
2021-04-24 12:38:34,069 [main] INFO   c.y.c.listeners.CustomListener(61) - =============================================================================
2021-04-24 12:38:34,070 [main] INFO   c.y.c.listeners.CustomListener(62) - STARTED - com.yodlee.customizationtool.CreateSubBrand##testPublicAuthSetupNegativeValidations By Thread with name as ##main
2021-04-24 12:38:34,070 [main] INFO   c.y.c.listeners.CustomListener(64) - ==============================================================================
2021-04-24 12:38:34,071 [main] INFO   c.y.c.listeners.CustomListener(61) - =============================================================================
2021-04-24 12:38:34,072 [main] INFO   c.y.c.listeners.CustomListener(62) - STARTED - com.yodlee.customizationtool.CreateSubBrand##testPublicAuthSetupNegativeValidations By Thread with name as ##main
2021-04-24 12:38:34,072 [main] INFO   c.y.c.listeners.CustomListener(64) - ==============================================================================
2021-04-24 12:38:34,073 [main] INFO   ReportGenerator(149) - 

<< --- TestCase START --->> testPublicAuthSetupNegativeValidations ( AT-000003 , TRUE , MaxExpTimeAlphaNumericAndInvalidCredentialsLoginIdAndJWTKey , SAML;JWT , testcredPrivate , saml , testPrivate , testPrivate , 150 , TRUE , FALSE ) 

2021-04-24 12:38:34,074 [main] INFO   c.y.c.listeners.CustomListener(101) - ===========================================================================
2021-04-24 12:38:34,074 [main] INFO   c.y.c.listeners.CustomListener(102) - SKIPPED - com.yodlee.customizationtool.CreateSubBrand#testPublicAuthSetupNegativeValidations SKIPPED REASON :::null
2021-04-24 12:38:34,074 [main] INFO   c.y.c.listeners.CustomListener(104) - ===========================================================================
2021-04-24 12:38:34,076 [main] INFO   c.y.c.listeners.CustomListener(101) - ===========================================================================
2021-04-24 12:38:34,076 [main] INFO   c.y.c.listeners.CustomListener(102) - SKIPPED - com.yodlee.customizationtool.CreateSubBrand#testPublicAuthSetupNegativeValidations SKIPPED REASON :::null
2021-04-24 12:38:34,078 [main] INFO   c.y.c.listeners.CustomListener(104) - ===========================================================================
2021-04-24 12:38:34,078 [main] INFO   ReportGenerator(199) - 

 TestCase: testPublicAuthSetupNegativeValidations ( AT-000003 , TRUE , MaxExpTimeAlphaNumericAndInvalidCredentialsLoginIdAndJWTKey , SAML;JWT , testcredPrivate , saml , testPrivate , testPrivate , 150 , TRUE , FALSE ) : --->>> SKIPPED
2021-04-24 12:38:34,134 [main] DEBUG  o.d.commons.converter.AnyConverter(92) - Converting benerator:defaultComponent (java.lang.String) to class java.lang.String
2021-04-24 12:38:34,135 [main] DEBUG  o.d.commons.converter.AnyConverter(92) - Converting testProductsAndAppSelectionNegativeValidations (java.lang.String) to class java.lang.String
2021-04-24 12:38:34,137 [main] DEBUG  o.d.commons.converter.AnyConverter(92) - Converting testProductsAndAppSelectionNegativeValidations (java.lang.String) to class java.lang.String
2021-04-24 12:38:34,138 [main] DEBUG  o.d.commons.converter.AnyConverter(92) - Converting null to class java.lang.String
2021-04-24 12:38:34,139 [main] DEBUG  o.d.benerator.anno.AnnotationMapper(182) - mapDetails(@org.databene.benerator.anno.Source(filter=, selector=, id=, nesting=, encoding=, value=src\test\resources\testdata\NegativeScenariosProductAndAppsSelection.csv, separator=, uri=, dataset=), testProductsAndAppSelectionNegativeValidations[])
2021-04-24 12:38:34,140 [main] DEBUG  o.d.commons.converter.AnyConverter(92) - Converting src\test\resources\testdata\NegativeScenariosProductAndAppsSelection.csv (java.lang.String) to class java.lang.String
2021-04-24 12:38:34,141 [main] DEBUG  o.d.commons.converter.AnyConverter(92) - Converting 0 (java.lang.String) to class java.lang.String
2021-04-24 12:38:34,142 [main] DEBUG  o.d.commons.converter.AnyConverter(92) - Converting string (java.lang.String) to class java.lang.String
2021-04-24 12:38:34,144 [main] DEBUG  o.d.commons.converter.AnyConverter(92) - Converting 1 (java.lang.String) to class java.lang.String
2021-04-24 12:38:34,145 [main] DEBUG  o.d.commons.converter.AnyConverter(92) - Converting string (java.lang.String) to class java.lang.String
2021-04-24 12:38:34,145 [main] DEBUG  o.d.commons.converter.AnyConverter(92) - Converting 2 (java.lang.String) to class java.lang.String
2021-04-24 12:38:34,146 [main] DEBUG  o.d.commons.converter.AnyConverter(92) - Converting string (java.lang.String) to class java.lang.String
2021-04-24 12:38:34,146 [main] DEBUG  o.d.commons.converter.AnyConverter(92) - Converting 3 (java.lang.String) to class java.lang.String
2021-04-24 12:38:34,146 [main] DEBUG  o.d.commons.converter.AnyConverter(92) - Converting string (java.lang.String) to class java.lang.String
2021-04-24 12:38:34,147 [main] DEBUG  o.d.commons.converter.AnyConverter(92) - Converting 4 (java.lang.String) to class java.lang.String
2021-04-24 12:38:34,147 [main] DEBUG  o.d.commons.converter.AnyConverter(92) - Converting string (java.lang.String) to class java.lang.String
2021-04-24 12:38:34,147 [main] DEBUG  o.d.commons.converter.AnyConverter(92) - Converting 5 (java.lang.String) to class java.lang.String
2021-04-24 12:38:34,148 [main] DEBUG  o.d.commons.converter.AnyConverter(92) - Converting string (java.lang.String) to class java.lang.String
2021-04-24 12:38:34,148 [main] DEBUG  o.d.commons.converter.AnyConverter(92) - Converting 6 (java.lang.String) to class java.lang.String
2021-04-24 12:38:34,148 [main] DEBUG  o.d.commons.converter.AnyConverter(92) - Converting string (java.lang.String) to class java.lang.String
2021-04-24 12:38:34,149 [main] DEBUG  o.d.commons.converter.AnyConverter(92) - Converting 7 (java.lang.String) to class java.lang.String
2021-04-24 12:38:34,149 [main] DEBUG  o.d.commons.converter.AnyConverter(92) - Converting string (java.lang.String) to class java.lang.String
2021-04-24 12:38:34,150 [main] DEBUG  o.d.commons.converter.AnyConverter(92) - Converting 8 (java.lang.String) to class java.lang.String
2021-04-24 12:38:34,150 [main] DEBUG  o.d.commons.converter.AnyConverter(92) - Converting string (java.lang.String) to class java.lang.String
2021-04-24 12:38:34,150 [main] DEBUG  o.d.commons.converter.AnyConverter(92) - Converting 9 (java.lang.String) to class java.lang.String
2021-04-24 12:38:34,151 [main] DEBUG  o.d.commons.converter.AnyConverter(92) - Converting string (java.lang.String) to class java.lang.String
2021-04-24 12:38:34,151 [main] DEBUG  o.d.commons.converter.AnyConverter(92) - Converting 10 (java.lang.String) to class java.lang.String
2021-04-24 12:38:34,151 [main] DEBUG  o.d.commons.converter.AnyConverter(92) - Converting string (java.lang.String) to class java.lang.String
2021-04-24 12:38:34,152 [main] DEBUG  o.d.b.factory.ArrayGeneratorFactory(75) - createArrayGenerator(testProductsAndAppSelectionNegativeValidations)
2021-04-24 12:38:34,152 [main] DEBUG  o.d.b.factory.ArrayGeneratorFactory(142) - createCSVSourceGenerator(ArrayTypeDescriptor[0[type=string], 1[type=string], 2[type=string], 3[type=string], 4[type=string], 5[type=string], 6[type=string], 7[type=string], 8[type=string], 9[type=string], 10[type=string]])
2021-04-24 12:38:34,152 [main] DEBUG  o.d.commons.converter.AnyConverter(92) - Converting testProductsAndAppSelectionNegativeValidations (java.lang.String) to class java.lang.String
2021-04-24 12:38:34,153 [main] DEBUG  o.d.b.factory.ArrayGeneratorFactory(90) - Created VariableAwareGenerator[
    ConvertingGenerator
]
2021-04-24 12:38:34,153 [main] DEBUG  org.databene.commons.IOUtil(232) - resolveLocalUri(src\test\resources\testdata\NegativeScenariosProductAndAppsSelection.csv, .)
2021-04-24 12:38:34,154 [main] DEBUG  org.databene.commons.IOUtil(181) - getInputStreamForURI(src/test/resources/testdata/NegativeScenariosProductAndAppsSelection.csv, true)
2021-04-24 12:38:34,154 [main] DEBUG  org.databene.commons.IOUtil(473) - getFileOrResourceAsStream(src/test/resources/testdata/NegativeScenariosProductAndAppsSelection.csv, true)
2021-04-24 12:38:34,155 [main] DEBUG  o.d.commons.converter.AnyConverter(92) - Converting AT-000001 (java.lang.String) to class java.lang.String
2021-04-24 12:38:34,158 [main] DEBUG  o.d.commons.converter.AnyConverter(92) - Converting TRUE (java.lang.String) to class java.lang.String
2021-04-24 12:38:34,158 [main] DEBUG  o.d.commons.converter.AnyConverter(92) - Converting DefaultSettings (java.lang.String) to class java.lang.String
2021-04-24 12:38:34,159 [main] DEBUG  o.d.commons.converter.AnyConverter(92) - Converting SAML;JWT (java.lang.String) to class java.lang.String
