2021-06-15 10:37:20,535 [main] INFO   c.y.c.listeners.CustomListener(159) - Approximate tests to run ~ 17
2021-06-15 10:37:35,282 [main] INFO   ReportGenerator(212) - ****************************************************************************************
2021-06-15 10:37:35,283 [main] INFO   ReportGenerator(213) -                                 Sub Brand Management Tool Publish Workflows       
2021-06-15 10:37:35,284 [main] INFO   ReportGenerator(214) - ----------------------------------------------------------------------------------------
2021-06-15 10:37:35,657 [main] INFO   c.y.c.listeners.CustomListener(61) - =============================================================================
2021-06-15 10:37:35,658 [main] INFO   c.y.c.listeners.CustomListener(62) - STARTED - com.yodlee.customizationtool.Login##testValidateLoginPageContents By Thread with name as ##main
2021-06-15 10:37:35,659 [main] INFO   c.y.c.listeners.CustomListener(64) - ==============================================================================
2021-06-15 10:37:35,668 [main] INFO   c.y.c.listeners.CustomListener(61) - =============================================================================
2021-06-15 10:37:35,669 [main] INFO   c.y.c.listeners.CustomListener(62) - STARTED - com.yodlee.customizationtool.Login##testValidateLoginPageContents By Thread with name as ##main
2021-06-15 10:37:35,669 [main] INFO   c.y.c.listeners.CustomListener(64) - ==============================================================================
2021-06-15 10:37:35,670 [main] INFO   ReportGenerator(149) - 

<< --- TestCase START --->> testValidateLoginPageContents

2021-06-15 10:37:35,838 [main] INFO   com.yodlee.customizationtool.Login(61) - Login Page - Yodlee ID Text Box Is Present.
2021-06-15 10:37:35,917 [main] INFO   com.yodlee.customizationtool.Login(64) - Login Page - Password Text Box Is Present.
2021-06-15 10:37:35,987 [main] INFO   com.yodlee.customizationtool.Login(67) - Login Page - Login Button Is Present.
2021-06-15 10:37:36,048 [main] INFO   com.yodlee.customizationtool.Login(70) - Login Page - Envestnet Yodlee Logo Is Present.
2021-06-15 10:37:36,103 [main] INFO   com.yodlee.customizationtool.Login(73) - Login Page - Forgot Password Link Is Present.
2021-06-15 10:37:36,307 [main] INFO   com.yodlee.customizationtool.Login(87) - Login Page - User Id Format Default Text Is Present.
2021-06-15 10:37:36,339 [main] INFO   com.yodlee.customizationtool.Login(90) - Login Page - Login Button Is Enabled By Default.
2021-06-15 10:37:36,340 [main] INFO   c.y.c.listeners.CustomListener(70) - ==============================================================================
2021-06-15 10:37:36,340 [main] INFO   c.y.c.listeners.CustomListener(71) - PASSED - com.yodlee.customizationtool.Login#testValidateLoginPageContents
2021-06-15 10:37:36,341 [main] INFO   c.y.c.listeners.CustomListener(72) - ==============================================================================
2021-06-15 10:37:36,342 [main] INFO   c.y.c.listeners.CustomListener(70) - ==============================================================================
2021-06-15 10:37:36,342 [main] INFO   c.y.c.listeners.CustomListener(71) - PASSED - com.yodlee.customizationtool.Login#testValidateLoginPageContents
2021-06-15 10:37:36,343 [main] INFO   c.y.c.listeners.CustomListener(72) - ==============================================================================
2021-06-15 10:37:36,343 [main] INFO   ReportGenerator(169) - 

 TestCase: testValidateLoginPageContents: --->>> PASS 

2021-06-15 10:37:36,879 [main] INFO   c.y.c.listeners.CustomListener(61) - =============================================================================
2021-06-15 10:37:36,879 [main] INFO   c.y.c.listeners.CustomListener(62) - STARTED - com.yodlee.customizationtool.Login##testValidateMessageOnClickingForgotPasswordLink By Thread with name as ##main
2021-06-15 10:37:36,880 [main] INFO   c.y.c.listeners.CustomListener(64) - ==============================================================================
2021-06-15 10:37:36,882 [main] INFO   c.y.c.listeners.CustomListener(61) - =============================================================================
2021-06-15 10:37:36,883 [main] INFO   c.y.c.listeners.CustomListener(62) - STARTED - com.yodlee.customizationtool.Login##testValidateMessageOnClickingForgotPasswordLink By Thread with name as ##main
2021-06-15 10:37:36,884 [main] INFO   c.y.c.listeners.CustomListener(64) - ==============================================================================
2021-06-15 10:37:36,884 [main] INFO   ReportGenerator(149) - 

<< --- TestCase START --->> testValidateMessageOnClickingForgotPasswordLink

2021-06-15 10:37:36,946 [main] INFO   com.yodlee.customizationtool.Login(101) - Login Page - Yodlee ID Text Box Is Present.
2021-06-15 10:37:37,147 [main] INFO   com.yodlee.customizationtool.Login(108) - Login Page: Forgot Password On Click, Message Verification Successful.
2021-06-15 10:37:37,148 [main] INFO   c.y.c.listeners.CustomListener(70) - ==============================================================================
2021-06-15 10:37:37,148 [main] INFO   c.y.c.listeners.CustomListener(71) - PASSED - com.yodlee.customizationtool.Login#testValidateMessageOnClickingForgotPasswordLink
2021-06-15 10:37:37,149 [main] INFO   c.y.c.listeners.CustomListener(72) - ==============================================================================
2021-06-15 10:37:37,151 [main] INFO   c.y.c.listeners.CustomListener(70) - ==============================================================================
2021-06-15 10:37:37,152 [main] INFO   c.y.c.listeners.CustomListener(71) - PASSED - com.yodlee.customizationtool.Login#testValidateMessageOnClickingForgotPasswordLink
2021-06-15 10:37:37,153 [main] INFO   c.y.c.listeners.CustomListener(72) - ==============================================================================
2021-06-15 10:37:37,153 [main] INFO   ReportGenerator(169) - 

 TestCase: testValidateMessageOnClickingForgotPasswordLink: --->>> PASS 

2021-06-15 10:37:37,239 [main] DEBUG  org.databene.commons.IOUtil(115) - isURIAvailable(converters.txt)
2021-06-15 10:37:37,240 [main] DEBUG  org.databene.commons.IOUtil(473) - getFileOrResourceAsStream(converters.txt, false)
2021-06-15 10:37:37,241 [main] DEBUG  org.databene.commons.IOUtil(488) - getResourceAsStream(converters.txt, false)
2021-06-15 10:37:37,242 [main] DEBUG  org.databene.CONFIG(85) - No custom converter setup 'converters.txt' found; using defaults.
2021-06-15 10:37:37,248 [main] DEBUG  org.databene.commons.IOUtil(181) - getInputStreamForURI(org/databene/commons/converter/converters.txt, true)
2021-06-15 10:37:37,248 [main] DEBUG  org.databene.commons.IOUtil(473) - getFileOrResourceAsStream(org/databene/commons/converter/converters.txt, true)
2021-06-15 10:37:37,249 [main] DEBUG  org.databene.commons.IOUtil(488) - getResourceAsStream(org/databene/commons/converter/converters.txt, true)
2021-06-15 10:37:37,261 [main] DEBUG  org.databene.commons.BeanUtil(952) - Instantiating String2TimestampConverter
2021-06-15 10:37:37,268 [main] DEBUG  org.databene.commons.BeanUtil(952) - Instantiating String2TimeConverter
2021-06-15 10:37:37,270 [main] DEBUG  org.databene.commons.BeanUtil(952) - Instantiating Time2StringConverter
2021-06-15 10:37:37,271 [main] DEBUG  org.databene.commons.BeanUtil(952) - Instantiating String2DateConverter
2021-06-15 10:37:37,272 [main] DEBUG  org.databene.commons.BeanUtil(952) - Instantiating String2LocaleConverter
2021-06-15 10:37:37,274 [main] DEBUG  org.databene.commons.BeanUtil(952) - Instantiating Locale2StringConverter
2021-06-15 10:37:37,276 [main] DEBUG  org.databene.commons.BeanUtil(952) - Instantiating String2ClassConverter
2021-06-15 10:37:37,278 [main] DEBUG  org.databene.commons.BeanUtil(952) - Instantiating Class2StringConverter
2021-06-15 10:37:37,279 [main] DEBUG  org.databene.commons.BeanUtil(952) - Instantiating Date2TimestampConverter
2021-06-15 10:37:37,281 [main] DEBUG  org.databene.commons.BeanUtil(952) - Instantiating Timestamp2DateConverter
2021-06-15 10:37:37,282 [main] DEBUG  org.databene.commons.BeanUtil(952) - Instantiating Date2CalendarConverter
2021-06-15 10:37:37,284 [main] DEBUG  org.databene.commons.BeanUtil(952) - Instantiating Calendar2DateConverter
2021-06-15 10:37:37,285 [main] DEBUG  org.databene.commons.BeanUtil(952) - Instantiating Date2LongConverter
2021-06-15 10:37:37,287 [main] DEBUG  org.databene.commons.BeanUtil(952) - Instantiating Long2DateConverter
2021-06-15 10:37:37,288 [main] DEBUG  org.databene.commons.BeanUtil(952) - Instantiating UtilDate2SqlDateConverter
2021-06-15 10:37:37,289 [main] DEBUG  org.databene.commons.BeanUtil(952) - Instantiating SqlDate2UtilDateConverter
2021-06-15 10:37:37,290 [main] DEBUG  org.databene.commons.BeanUtil(952) - Instantiating ByteArrayToBase64Converter
2021-06-15 10:37:37,291 [main] DEBUG  org.databene.commons.BeanUtil(952) - Instantiating Base64ToByteArrayConverter
2021-06-15 10:37:37,293 [main] DEBUG  org.databene.commons.BeanUtil(952) - Instantiating String2GregorianCalendarConverter
2021-06-15 10:37:37,294 [main] DEBUG  org.databene.commons.BeanUtil(952) - Instantiating String2DateFormatConverter
2021-06-15 10:37:37,296 [main] DEBUG  org.databene.commons.BeanUtil(952) - Instantiating String2NumberFormatConverter
2021-06-15 10:37:37,297 [main] DEBUG  org.databene.commons.BeanUtil(952) - Instantiating String2PatternConverter
2021-06-15 10:37:37,299 [main] DEBUG  org.databene.commons.BeanUtil(952) - Instantiating String2CharConverter
2021-06-15 10:37:37,300 [main] DEBUG  org.databene.commons.BeanUtil(952) - Instantiating String2ConverterConverter
2021-06-15 10:37:37,304 [main] DEBUG  o.d.commons.converter.AnyConverter(92) - Converting date (java.lang.String) to class java.lang.String
2021-06-15 10:37:37,319 [main] DEBUG  o.d.m.d.DefaultDescriptorProvider(65) - added SimpleTypeDescriptor: date[]
2021-06-15 10:37:37,319 [main] DEBUG  o.d.commons.converter.AnyConverter(92) - Converting big_decimal (java.lang.String) to class java.lang.String
2021-06-15 10:37:37,320 [main] DEBUG  o.d.m.d.DefaultDescriptorProvider(65) - added SimpleTypeDescriptor: big_decimal[]
2021-06-15 10:37:37,321 [main] DEBUG  o.d.commons.converter.AnyConverter(92) - Converting string (java.lang.String) to class java.lang.String
2021-06-15 10:37:37,321 [main] DEBUG  o.d.m.d.DefaultDescriptorProvider(65) - added SimpleTypeDescriptor: string[]
2021-06-15 10:37:37,321 [main] DEBUG  o.d.commons.converter.AnyConverter(92) - Converting byte (java.lang.String) to class java.lang.String
2021-06-15 10:37:37,322 [main] DEBUG  o.d.m.d.DefaultDescriptorProvider(65) - added SimpleTypeDescriptor: byte[]
2021-06-15 10:37:37,323 [main] DEBUG  o.d.commons.converter.AnyConverter(92) - Converting big_integer (java.lang.String) to class java.lang.String
2021-06-15 10:37:37,324 [main] DEBUG  o.d.m.d.DefaultDescriptorProvider(65) - added SimpleTypeDescriptor: big_integer[]
2021-06-15 10:37:37,324 [main] DEBUG  o.d.commons.converter.AnyConverter(92) - Converting double (java.lang.String) to class java.lang.String
2021-06-15 10:37:37,325 [main] DEBUG  o.d.m.d.DefaultDescriptorProvider(65) - added SimpleTypeDescriptor: double[]
2021-06-15 10:37:37,326 [main] DEBUG  o.d.commons.converter.AnyConverter(92) - Converting float (java.lang.String) to class java.lang.String
2021-06-15 10:37:37,327 [main] DEBUG  o.d.m.d.DefaultDescriptorProvider(65) - added SimpleTypeDescriptor: float[]
2021-06-15 10:37:37,327 [main] DEBUG  o.d.commons.converter.AnyConverter(92) - Converting int (java.lang.String) to class java.lang.String
2021-06-15 10:37:37,327 [main] DEBUG  o.d.m.d.DefaultDescriptorProvider(65) - added SimpleTypeDescriptor: int[]
2021-06-15 10:37:37,327 [main] DEBUG  o.d.commons.converter.AnyConverter(92) - Converting long (java.lang.String) to class java.lang.String
2021-06-15 10:37:37,328 [main] DEBUG  o.d.m.d.DefaultDescriptorProvider(65) - added SimpleTypeDescriptor: long[]
2021-06-15 10:37:37,328 [main] DEBUG  o.d.commons.converter.AnyConverter(92) - Converting boolean (java.lang.String) to class java.lang.String
2021-06-15 10:37:37,329 [main] DEBUG  o.d.m.d.DefaultDescriptorProvider(65) - added SimpleTypeDescriptor: boolean[]
2021-06-15 10:37:37,330 [main] DEBUG  o.d.commons.converter.AnyConverter(92) - Converting array (java.lang.String) to class java.lang.String
2021-06-15 10:37:37,330 [main] DEBUG  o.d.m.d.DefaultDescriptorProvider(65) - added SimpleTypeDescriptor: array[]
2021-06-15 10:37:37,331 [main] DEBUG  o.d.commons.converter.AnyConverter(92) - Converting binary (java.lang.String) to class java.lang.String
2021-06-15 10:37:37,332 [main] DEBUG  o.d.m.d.DefaultDescriptorProvider(65) - added SimpleTypeDescriptor: binary[]
2021-06-15 10:37:37,333 [main] DEBUG  o.d.commons.converter.AnyConverter(92) - Converting short (java.lang.String) to class java.lang.String
2021-06-15 10:37:37,333 [main] DEBUG  o.d.m.d.DefaultDescriptorProvider(65) - added SimpleTypeDescriptor: short[]
2021-06-15 10:37:37,334 [main] DEBUG  o.d.commons.converter.AnyConverter(92) - Converting time (java.lang.String) to class java.lang.String
2021-06-15 10:37:37,334 [main] DEBUG  o.d.m.d.DefaultDescriptorProvider(65) - added SimpleTypeDescriptor: time[]
2021-06-15 10:37:37,335 [main] DEBUG  o.d.commons.converter.AnyConverter(92) - Converting timestamp (java.lang.String) to class java.lang.String
2021-06-15 10:37:37,336 [main] DEBUG  o.d.m.d.DefaultDescriptorProvider(65) - added SimpleTypeDescriptor: timestamp[]
2021-06-15 10:37:37,336 [main] DEBUG  o.d.commons.converter.AnyConverter(92) - Converting object (java.lang.String) to class java.lang.String
2021-06-15 10:37:37,337 [main] DEBUG  o.d.m.d.DefaultDescriptorProvider(65) - added SimpleTypeDescriptor: object[]
2021-06-15 10:37:37,338 [main] DEBUG  o.d.commons.converter.AnyConverter(92) - Converting entity (java.lang.String) to class java.lang.String
2021-06-15 10:37:37,341 [main] DEBUG  o.d.m.d.DefaultDescriptorProvider(65) - added ComplexTypeDescriptor: entity[]
2021-06-15 10:37:37,343 [main] DEBUG  org.databene.model.data.DataModel(138) - validating date[]
2021-06-15 10:37:37,349 [main] DEBUG  org.databene.model.data.DataModel(138) - validating big_decimal[]
2021-06-15 10:37:37,350 [main] DEBUG  org.databene.model.data.DataModel(138) - validating string[]
2021-06-15 10:37:37,350 [main] DEBUG  org.databene.model.data.DataModel(138) - validating byte[]
2021-06-15 10:37:37,351 [main] DEBUG  org.databene.model.data.DataModel(138) - validating big_integer[]
2021-06-15 10:37:37,351 [main] DEBUG  org.databene.model.data.DataModel(138) - validating double[]
2021-06-15 10:37:37,352 [main] DEBUG  org.databene.model.data.DataModel(138) - validating float[]
2021-06-15 10:37:37,352 [main] DEBUG  org.databene.model.data.DataModel(138) - validating int[]
2021-06-15 10:37:37,353 [main] DEBUG  org.databene.model.data.DataModel(138) - validating long[]
2021-06-15 10:37:37,354 [main] DEBUG  org.databene.model.data.DataModel(138) - validating boolean[]
2021-06-15 10:37:37,354 [main] DEBUG  org.databene.model.data.DataModel(138) - validating array[]
2021-06-15 10:37:37,354 [main] DEBUG  org.databene.model.data.DataModel(138) - validating binary[]
2021-06-15 10:37:37,354 [main] DEBUG  org.databene.model.data.DataModel(138) - validating short[]
2021-06-15 10:37:37,355 [main] DEBUG  org.databene.model.data.DataModel(138) - validating time[]
2021-06-15 10:37:37,355 [main] DEBUG  org.databene.model.data.DataModel(138) - validating timestamp[]
2021-06-15 10:37:37,356 [main] DEBUG  org.databene.model.data.DataModel(138) - validating object[]
2021-06-15 10:37:37,356 [main] DEBUG  org.databene.model.data.DataModel(138) - validating entity[]
2021-06-15 10:37:37,754 [main] DEBUG  org.databene.CONFIG(191) - Initializing Script mapping from file org/databene/script/script.properties
2021-06-15 10:37:37,755 [main] DEBUG  org.databene.commons.IOUtil(181) - getInputStreamForURI(org/databene/script/script.properties, true)
2021-06-15 10:37:37,756 [main] DEBUG  org.databene.commons.IOUtil(473) - getFileOrResourceAsStream(org/databene/script/script.properties, true)
2021-06-15 10:37:37,756 [main] DEBUG  org.databene.commons.IOUtil(488) - getResourceAsStream(org/databene/script/script.properties, true)
2021-06-15 10:37:37,763 [main] DEBUG  org.databene.commons.BeanUtil(952) - Instantiating FreeMarkerScriptFactory
2021-06-15 10:37:37,766 [main] DEBUG  org.databene.commons.BeanUtil(952) - Instantiating String2DistributionConverter
2021-06-15 10:37:37,772 [main] DEBUG  org.databene.commons.IOUtil(181) - getInputStreamForURI(org/databene/commons/special-letters.properties, true)
2021-06-15 10:37:37,772 [main] DEBUG  org.databene.commons.IOUtil(473) - getFileOrResourceAsStream(org/databene/commons/special-letters.properties, true)
2021-06-15 10:37:37,773 [main] DEBUG  org.databene.commons.IOUtil(488) - getResourceAsStream(org/databene/commons/special-letters.properties, true)
2021-06-15 10:37:37,776 [main] DEBUG  o.d.commons.converter.AnyConverter(92) - Converting benerator:defaultComponent (java.lang.String) to class java.lang.String
2021-06-15 10:37:37,780 [main] DEBUG  o.d.commons.converter.AnyConverter(92) - Converting testValidateLogin (java.lang.String) to class java.lang.String
2021-06-15 10:37:37,781 [main] DEBUG  o.d.commons.converter.AnyConverter(92) - Converting testValidateLogin (java.lang.String) to class java.lang.String
2021-06-15 10:37:37,783 [main] DEBUG  o.d.commons.converter.AnyConverter(92) - Converting null to class java.lang.String
2021-06-15 10:37:37,785 [main] DEBUG  o.d.benerator.anno.AnnotationMapper(182) - mapDetails(@org.databene.benerator.anno.Source(filter=, selector=, id=, nesting=, encoding=, value=src\test\resources\testdata\ValidateLogin.csv, separator=, uri=, dataset=), testValidateLogin[])
2021-06-15 10:37:37,786 [main] DEBUG  o.d.commons.converter.AnyConverter(92) - Converting src\test\resources\testdata\ValidateLogin.csv (java.lang.String) to class java.lang.String
2021-06-15 10:37:37,790 [main] DEBUG  o.d.commons.converter.AnyConverter(92) - Converting 0 (java.lang.String) to class java.lang.String
2021-06-15 10:37:37,791 [main] DEBUG  o.d.commons.converter.AnyConverter(92) - Converting string (java.lang.String) to class java.lang.String
2021-06-15 10:37:37,793 [main] DEBUG  o.d.commons.converter.AnyConverter(92) - Converting 1 (java.lang.String) to class java.lang.String
2021-06-15 10:37:37,793 [main] DEBUG  o.d.commons.converter.AnyConverter(92) - Converting string (java.lang.String) to class java.lang.String
2021-06-15 10:37:37,793 [main] DEBUG  o.d.commons.converter.AnyConverter(92) - Converting 2 (java.lang.String) to class java.lang.String
2021-06-15 10:37:37,794 [main] DEBUG  o.d.commons.converter.AnyConverter(92) - Converting string (java.lang.String) to class java.lang.String
2021-06-15 10:37:37,794 [main] DEBUG  o.d.commons.converter.AnyConverter(92) - Converting 3 (java.lang.String) to class java.lang.String
2021-06-15 10:37:37,794 [main] DEBUG  o.d.commons.converter.AnyConverter(92) - Converting string (java.lang.String) to class java.lang.String
2021-06-15 10:37:37,794 [main] DEBUG  o.d.commons.converter.AnyConverter(92) - Converting 4 (java.lang.String) to class java.lang.String
2021-06-15 10:37:37,795 [main] DEBUG  o.d.commons.converter.AnyConverter(92) - Converting string (java.lang.String) to class java.lang.String
2021-06-15 10:37:37,795 [main] DEBUG  o.d.commons.converter.AnyConverter(92) - Converting 5 (java.lang.String) to class java.lang.String
2021-06-15 10:37:37,795 [main] DEBUG  o.d.commons.converter.AnyConverter(92) - Converting string (java.lang.String) to class java.lang.String
2021-06-15 10:37:37,802 [main] DEBUG  o.d.b.factory.ArrayGeneratorFactory(75) - createArrayGenerator(testValidateLogin)
2021-06-15 10:37:37,812 [main] DEBUG  o.d.b.factory.ArrayGeneratorFactory(142) - createCSVSourceGenerator(ArrayTypeDescriptor[0[type=string], 1[type=string], 2[type=string], 3[type=string], 4[type=string], 5[type=string]])
2021-06-15 10:37:37,817 [main] DEBUG  o.d.commons.converter.AnyConverter(92) - Converting testValidateLogin (java.lang.String) to class java.lang.String
2021-06-15 10:37:37,827 [main] DEBUG  o.d.b.factory.ArrayGeneratorFactory(90) - Created VariableAwareGenerator[
    ConvertingGenerator
]
2021-06-15 10:37:37,829 [main] DEBUG  org.databene.commons.IOUtil(232) - resolveLocalUri(src\test\resources\testdata\ValidateLogin.csv, .)
2021-06-15 10:37:37,831 [main] DEBUG  org.databene.commons.IOUtil(181) - getInputStreamForURI(src/test/resources/testdata/ValidateLogin.csv, true)
2021-06-15 10:37:37,831 [main] DEBUG  org.databene.commons.IOUtil(473) - getFileOrResourceAsStream(src/test/resources/testdata/ValidateLogin.csv, true)
2021-06-15 10:37:37,840 [main] DEBUG  o.d.commons.converter.AnyConverter(92) - Converting AT-113117 (java.lang.String) to class java.lang.String
2021-06-15 10:37:37,841 [main] DEBUG  o.d.commons.converter.AnyConverter(92) - Converting TRUE (java.lang.String) to class java.lang.String
2021-06-15 10:37:37,841 [main] DEBUG  o.d.commons.converter.AnyConverter(92) - Converting InvalidInput (java.lang.String) to class java.lang.String
2021-06-15 10:37:37,841 [main] DEBUG  o.d.commons.converter.AnyConverter(92) - Converting invalid@pfml1stage (java.lang.String) to class java.lang.String
2021-06-15 10:37:37,841 [main] DEBUG  o.d.commons.converter.AnyConverter(92) - Converting Yodlee@123 (java.lang.String) to class java.lang.String
2021-06-15 10:37:37,842 [main] DEBUG  o.d.commons.converter.AnyConverter(92) - Converting Invalid user credentials (java.lang.String) to class java.lang.String
2021-06-15 10:37:37,842 [main] DEBUG  o.d.b.c.VariableAwareGenerator(96) - Generated [Ljava.lang.Object;@4f4c789f
2021-06-15 10:37:37,843 [main] DEBUG  o.d.commons.converter.AnyConverter(92) - Converting AT-113127 (java.lang.String) to class java.lang.String
2021-06-15 10:37:37,843 [main] DEBUG  o.d.commons.converter.AnyConverter(92) - Converting TRUE (java.lang.String) to class java.lang.String
2021-06-15 10:37:37,843 [main] DEBUG  o.d.commons.converter.AnyConverter(92) - Converting NoInput (java.lang.String) to class java.lang.String
2021-06-15 10:37:37,843 [main] DEBUG  o.d.commons.converter.AnyConverter(92) - Converting  (java.lang.String) to class java.lang.String
2021-06-15 10:37:37,844 [main] DEBUG  o.d.commons.converter.AnyConverter(92) - Converting  (java.lang.String) to class java.lang.String
2021-06-15 10:37:37,844 [main] DEBUG  o.d.commons.converter.AnyConverter(92) - Converting Uh-oh! You've entered wrong username/ password. Please re-enter credentials (java.lang.String) to class java.lang.String
2021-06-15 10:37:37,844 [main] DEBUG  o.d.b.c.VariableAwareGenerator(96) - Generated [Ljava.lang.Object;@13f9ad9
2021-06-15 10:37:37,845 [main] INFO   c.y.c.listeners.CustomListener(61) - =============================================================================
2021-06-15 10:37:37,845 [main] INFO   c.y.c.listeners.CustomListener(62) - STARTED - com.yodlee.customizationtool.Login##testValidateLogin By Thread with name as ##main
2021-06-15 10:37:37,845 [main] INFO   c.y.c.listeners.CustomListener(64) - ==============================================================================
2021-06-15 10:37:37,847 [main] INFO   c.y.c.listeners.CustomListener(61) - =============================================================================
2021-06-15 10:37:37,847 [main] INFO   c.y.c.listeners.CustomListener(62) - STARTED - com.yodlee.customizationtool.Login##testValidateLogin By Thread with name as ##main
2021-06-15 10:37:37,848 [main] INFO   c.y.c.listeners.CustomListener(64) - ==============================================================================
2021-06-15 10:37:37,848 [main] INFO   ReportGenerator(149) - 

<< --- TestCase START --->> testValidateLogin ( AT-113117 , TRUE , InvalidInput , invalid@pfml1stage , Yodlee@123 , Invalid user credentials ) 

2021-06-15 10:37:37,897 [main] INFO   com.yodlee.customizationtool.Login(124) - Successfully Loaded Login Page
2021-06-15 10:37:43,661 [main] INFO   c.y.c.listeners.CustomListener(70) - ==============================================================================
2021-06-15 10:37:43,661 [main] INFO   c.y.c.listeners.CustomListener(71) - PASSED - com.yodlee.customizationtool.Login#testValidateLogin
2021-06-15 10:37:43,662 [main] INFO   c.y.c.listeners.CustomListener(72) - ==============================================================================
2021-06-15 10:37:43,666 [main] INFO   c.y.c.listeners.CustomListener(70) - ==============================================================================
2021-06-15 10:37:43,666 [main] INFO   c.y.c.listeners.CustomListener(71) - PASSED - com.yodlee.customizationtool.Login#testValidateLogin
2021-06-15 10:37:43,667 [main] INFO   c.y.c.listeners.CustomListener(72) - ==============================================================================
2021-06-15 10:37:43,667 [main] INFO   ReportGenerator(169) - 

 TestCase: testValidateLogin ( AT-113117 , TRUE , InvalidInput , invalid@pfml1stage , Yodlee@123 , Invalid user credentials ) : --->>> PASS 

2021-06-15 10:37:43,746 [main] DEBUG  o.d.commons.converter.AnyConverter(92) - Converting AT-113116 (java.lang.String) to class java.lang.String
2021-06-15 10:37:43,747 [main] DEBUG  o.d.commons.converter.AnyConverter(92) - Converting TRUE (java.lang.String) to class java.lang.String
2021-06-15 10:37:43,748 [main] DEBUG  o.d.commons.converter.AnyConverter(92) - Converting ValidInput (java.lang.String) to class java.lang.String
2021-06-15 10:37:43,749 [main] DEBUG  o.d.commons.converter.AnyConverter(92) - Converting rajeev@pfml1stage (java.lang.String) to class java.lang.String
2021-06-15 10:37:43,749 [main] DEBUG  o.d.commons.converter.AnyConverter(92) - Converting Yodlee@123 (java.lang.String) to class java.lang.String
2021-06-15 10:37:43,750 [main] DEBUG  o.d.commons.converter.AnyConverter(92) - Converting null to class java.lang.String
2021-06-15 10:37:43,750 [main] DEBUG  o.d.b.c.VariableAwareGenerator(96) - Generated [Ljava.lang.Object;@1460c81d
2021-06-15 10:37:43,750 [main] INFO   c.y.c.listeners.CustomListener(61) - =============================================================================
2021-06-15 10:37:43,751 [main] INFO   c.y.c.listeners.CustomListener(62) - STARTED - com.yodlee.customizationtool.Login##testValidateLogin By Thread with name as ##main
2021-06-15 10:37:43,751 [main] INFO   c.y.c.listeners.CustomListener(64) - ==============================================================================
2021-06-15 10:37:43,753 [main] INFO   c.y.c.listeners.CustomListener(61) - =============================================================================
2021-06-15 10:37:43,753 [main] INFO   c.y.c.listeners.CustomListener(62) - STARTED - com.yodlee.customizationtool.Login##testValidateLogin By Thread with name as ##main
2021-06-15 10:37:43,754 [main] INFO   c.y.c.listeners.CustomListener(64) - ==============================================================================
2021-06-15 10:37:43,754 [main] INFO   ReportGenerator(149) - 

<< --- TestCase START --->> testValidateLogin ( AT-113127 , TRUE , NoInput ,  ,  , Uh-oh! You've entered wrong username/ password. Please re-enter credentials ) 

2021-06-15 10:37:43,794 [main] INFO   com.yodlee.customizationtool.Login(124) - Successfully Loaded Login Page
