2021-06-14 13:37:11,438 [main] INFO   c.y.c.listeners.CustomListener(159) - Approximate tests to run ~ 17
2021-06-14 13:37:28,074 [main] INFO   ReportGenerator(212) - ****************************************************************************************
2021-06-14 13:37:28,076 [main] INFO   ReportGenerator(213) -                                 Sub Brand Management Tool Publish Workflows       
2021-06-14 13:37:28,076 [main] INFO   ReportGenerator(214) - ----------------------------------------------------------------------------------------
2021-06-14 13:37:28,633 [main] INFO   c.y.c.listeners.CustomListener(61) - =============================================================================
2021-06-14 13:37:28,634 [main] INFO   c.y.c.listeners.CustomListener(62) - STARTED - com.yodlee.customizationtool.Login##testValidateLoginPageContents By Thread with name as ##main
2021-06-14 13:37:28,635 [main] INFO   c.y.c.listeners.CustomListener(64) - ==============================================================================
2021-06-14 13:37:28,649 [main] INFO   c.y.c.listeners.CustomListener(61) - =============================================================================
2021-06-14 13:37:28,650 [main] INFO   c.y.c.listeners.CustomListener(62) - STARTED - com.yodlee.customizationtool.Login##testValidateLoginPageContents By Thread with name as ##main
2021-06-14 13:37:28,651 [main] INFO   c.y.c.listeners.CustomListener(64) - ==============================================================================
2021-06-14 13:37:28,652 [main] INFO   ReportGenerator(149) - 

<< --- TestCase START --->> testValidateLoginPageContents

2021-06-14 13:37:28,931 [main] INFO   com.yodlee.customizationtool.Login(61) - Login Page - Yodlee ID Text Box Is Present.
2021-06-14 13:37:29,068 [main] INFO   com.yodlee.customizationtool.Login(64) - Login Page - Password Text Box Is Present.
2021-06-14 13:37:29,188 [main] INFO   com.yodlee.customizationtool.Login(67) - Login Page - Login Button Is Present.
2021-06-14 13:37:29,296 [main] INFO   com.yodlee.customizationtool.Login(70) - Login Page - Envestnet Yodlee Logo Is Present.
2021-06-14 13:37:29,405 [main] INFO   com.yodlee.customizationtool.Login(73) - Login Page - Forgot Password Link Is Present.
2021-06-14 13:37:29,833 [main] INFO   com.yodlee.customizationtool.Login(87) - Login Page - User Id Format Default Text Is Present.
2021-06-14 13:37:29,927 [main] INFO   com.yodlee.customizationtool.Login(90) - Login Page - Login Button Is Enabled By Default.
2021-06-14 13:37:29,929 [main] INFO   c.y.c.listeners.CustomListener(70) - ==============================================================================
2021-06-14 13:37:29,930 [main] INFO   c.y.c.listeners.CustomListener(71) - PASSED - com.yodlee.customizationtool.Login#testValidateLoginPageContents
2021-06-14 13:37:29,930 [main] INFO   c.y.c.listeners.CustomListener(72) - ==============================================================================
2021-06-14 13:37:29,934 [main] INFO   c.y.c.listeners.CustomListener(70) - ==============================================================================
2021-06-14 13:37:29,935 [main] INFO   c.y.c.listeners.CustomListener(71) - PASSED - com.yodlee.customizationtool.Login#testValidateLoginPageContents
2021-06-14 13:37:29,936 [main] INFO   c.y.c.listeners.CustomListener(72) - ==============================================================================
2021-06-14 13:37:29,936 [main] INFO   ReportGenerator(169) - 

 TestCase: testValidateLoginPageContents: --->>> PASS 

2021-06-14 13:37:32,501 [main] INFO   c.y.c.listeners.CustomListener(61) - =============================================================================
2021-06-14 13:37:32,502 [main] INFO   c.y.c.listeners.CustomListener(62) - STARTED - com.yodlee.customizationtool.Login##testValidateMessageOnClickingForgotPasswordLink By Thread with name as ##main
2021-06-14 13:37:32,503 [main] INFO   c.y.c.listeners.CustomListener(64) - ==============================================================================
2021-06-14 13:37:32,507 [main] INFO   c.y.c.listeners.CustomListener(61) - =============================================================================
2021-06-14 13:37:32,509 [main] INFO   c.y.c.listeners.CustomListener(62) - STARTED - com.yodlee.customizationtool.Login##testValidateMessageOnClickingForgotPasswordLink By Thread with name as ##main
2021-06-14 13:37:32,510 [main] INFO   c.y.c.listeners.CustomListener(64) - ==============================================================================
2021-06-14 13:37:32,511 [main] INFO   ReportGenerator(149) - 

<< --- TestCase START --->> testValidateMessageOnClickingForgotPasswordLink

2021-06-14 13:37:33,054 [main] INFO   com.yodlee.customizationtool.Login(101) - Login Page - Yodlee ID Text Box Is Present.
2021-06-14 13:37:33,432 [main] INFO   com.yodlee.customizationtool.Login(108) - Login Page: Forgot Password On Click, Message Verification Successful.
2021-06-14 13:37:33,433 [main] INFO   c.y.c.listeners.CustomListener(70) - ==============================================================================
2021-06-14 13:37:33,434 [main] INFO   c.y.c.listeners.CustomListener(71) - PASSED - com.yodlee.customizationtool.Login#testValidateMessageOnClickingForgotPasswordLink
2021-06-14 13:37:33,434 [main] INFO   c.y.c.listeners.CustomListener(72) - ==============================================================================
2021-06-14 13:37:33,439 [main] INFO   c.y.c.listeners.CustomListener(70) - ==============================================================================
2021-06-14 13:37:33,440 [main] INFO   c.y.c.listeners.CustomListener(71) - PASSED - com.yodlee.customizationtool.Login#testValidateMessageOnClickingForgotPasswordLink
2021-06-14 13:37:33,440 [main] INFO   c.y.c.listeners.CustomListener(72) - ==============================================================================
2021-06-14 13:37:33,441 [main] INFO   ReportGenerator(169) - 

 TestCase: testValidateMessageOnClickingForgotPasswordLink: --->>> PASS 

2021-06-14 13:37:33,628 [main] DEBUG  org.databene.commons.IOUtil(115) - isURIAvailable(converters.txt)
2021-06-14 13:37:33,629 [main] DEBUG  org.databene.commons.IOUtil(473) - getFileOrResourceAsStream(converters.txt, false)
2021-06-14 13:37:33,630 [main] DEBUG  org.databene.commons.IOUtil(488) - getResourceAsStream(converters.txt, false)
2021-06-14 13:37:33,632 [main] DEBUG  org.databene.CONFIG(85) - No custom converter setup 'converters.txt' found; using defaults.
2021-06-14 13:37:33,639 [main] DEBUG  org.databene.commons.IOUtil(181) - getInputStreamForURI(org/databene/commons/converter/converters.txt, true)
2021-06-14 13:37:33,640 [main] DEBUG  org.databene.commons.IOUtil(473) - getFileOrResourceAsStream(org/databene/commons/converter/converters.txt, true)
2021-06-14 13:37:33,642 [main] DEBUG  org.databene.commons.IOUtil(488) - getResourceAsStream(org/databene/commons/converter/converters.txt, true)
2021-06-14 13:37:33,664 [main] DEBUG  org.databene.commons.BeanUtil(952) - Instantiating String2TimestampConverter
2021-06-14 13:37:33,673 [main] DEBUG  org.databene.commons.BeanUtil(952) - Instantiating String2TimeConverter
2021-06-14 13:37:33,677 [main] DEBUG  org.databene.commons.BeanUtil(952) - Instantiating Time2StringConverter
2021-06-14 13:37:33,678 [main] DEBUG  org.databene.commons.BeanUtil(952) - Instantiating String2DateConverter
2021-06-14 13:37:33,681 [main] DEBUG  org.databene.commons.BeanUtil(952) - Instantiating String2LocaleConverter
2021-06-14 13:37:33,687 [main] DEBUG  org.databene.commons.BeanUtil(952) - Instantiating Locale2StringConverter
2021-06-14 13:37:33,689 [main] DEBUG  org.databene.commons.BeanUtil(952) - Instantiating String2ClassConverter
2021-06-14 13:37:33,692 [main] DEBUG  org.databene.commons.BeanUtil(952) - Instantiating Class2StringConverter
2021-06-14 13:37:33,694 [main] DEBUG  org.databene.commons.BeanUtil(952) - Instantiating Date2TimestampConverter
2021-06-14 13:37:33,696 [main] DEBUG  org.databene.commons.BeanUtil(952) - Instantiating Timestamp2DateConverter
2021-06-14 13:37:33,698 [main] DEBUG  org.databene.commons.BeanUtil(952) - Instantiating Date2CalendarConverter
2021-06-14 13:37:33,701 [main] DEBUG  org.databene.commons.BeanUtil(952) - Instantiating Calendar2DateConverter
2021-06-14 13:37:33,704 [main] DEBUG  org.databene.commons.BeanUtil(952) - Instantiating Date2LongConverter
2021-06-14 13:37:33,710 [main] DEBUG  org.databene.commons.BeanUtil(952) - Instantiating Long2DateConverter
2021-06-14 13:37:33,712 [main] DEBUG  org.databene.commons.BeanUtil(952) - Instantiating UtilDate2SqlDateConverter
2021-06-14 13:37:33,716 [main] DEBUG  org.databene.commons.BeanUtil(952) - Instantiating SqlDate2UtilDateConverter
2021-06-14 13:37:33,718 [main] DEBUG  org.databene.commons.BeanUtil(952) - Instantiating ByteArrayToBase64Converter
2021-06-14 13:37:33,721 [main] DEBUG  org.databene.commons.BeanUtil(952) - Instantiating Base64ToByteArrayConverter
2021-06-14 13:37:33,723 [main] DEBUG  org.databene.commons.BeanUtil(952) - Instantiating String2GregorianCalendarConverter
2021-06-14 13:37:33,725 [main] DEBUG  org.databene.commons.BeanUtil(952) - Instantiating String2DateFormatConverter
2021-06-14 13:37:33,727 [main] DEBUG  org.databene.commons.BeanUtil(952) - Instantiating String2NumberFormatConverter
2021-06-14 13:37:33,730 [main] DEBUG  org.databene.commons.BeanUtil(952) - Instantiating String2PatternConverter
2021-06-14 13:37:33,732 [main] DEBUG  org.databene.commons.BeanUtil(952) - Instantiating String2CharConverter
2021-06-14 13:37:33,736 [main] DEBUG  org.databene.commons.BeanUtil(952) - Instantiating String2ConverterConverter
2021-06-14 13:37:33,745 [main] DEBUG  o.d.commons.converter.AnyConverter(92) - Converting date (java.lang.String) to class java.lang.String
2021-06-14 13:37:33,768 [main] DEBUG  o.d.m.d.DefaultDescriptorProvider(65) - added SimpleTypeDescriptor: date[]
2021-06-14 13:37:33,769 [main] DEBUG  o.d.commons.converter.AnyConverter(92) - Converting big_decimal (java.lang.String) to class java.lang.String
2021-06-14 13:37:33,771 [main] DEBUG  o.d.m.d.DefaultDescriptorProvider(65) - added SimpleTypeDescriptor: big_decimal[]
2021-06-14 13:37:33,772 [main] DEBUG  o.d.commons.converter.AnyConverter(92) - Converting string (java.lang.String) to class java.lang.String
2021-06-14 13:37:33,773 [main] DEBUG  o.d.m.d.DefaultDescriptorProvider(65) - added SimpleTypeDescriptor: string[]
2021-06-14 13:37:33,775 [main] DEBUG  o.d.commons.converter.AnyConverter(92) - Converting byte (java.lang.String) to class java.lang.String
2021-06-14 13:37:33,776 [main] DEBUG  o.d.m.d.DefaultDescriptorProvider(65) - added SimpleTypeDescriptor: byte[]
2021-06-14 13:37:33,777 [main] DEBUG  o.d.commons.converter.AnyConverter(92) - Converting big_integer (java.lang.String) to class java.lang.String
2021-06-14 13:37:33,778 [main] DEBUG  o.d.m.d.DefaultDescriptorProvider(65) - added SimpleTypeDescriptor: big_integer[]
2021-06-14 13:37:33,779 [main] DEBUG  o.d.commons.converter.AnyConverter(92) - Converting double (java.lang.String) to class java.lang.String
2021-06-14 13:37:33,781 [main] DEBUG  o.d.m.d.DefaultDescriptorProvider(65) - added SimpleTypeDescriptor: double[]
2021-06-14 13:37:33,782 [main] DEBUG  o.d.commons.converter.AnyConverter(92) - Converting float (java.lang.String) to class java.lang.String
2021-06-14 13:37:33,785 [main] DEBUG  o.d.m.d.DefaultDescriptorProvider(65) - added SimpleTypeDescriptor: float[]
2021-06-14 13:37:33,786 [main] DEBUG  o.d.commons.converter.AnyConverter(92) - Converting int (java.lang.String) to class java.lang.String
2021-06-14 13:37:33,788 [main] DEBUG  o.d.m.d.DefaultDescriptorProvider(65) - added SimpleTypeDescriptor: int[]
2021-06-14 13:37:33,789 [main] DEBUG  o.d.commons.converter.AnyConverter(92) - Converting long (java.lang.String) to class java.lang.String
2021-06-14 13:37:33,790 [main] DEBUG  o.d.m.d.DefaultDescriptorProvider(65) - added SimpleTypeDescriptor: long[]
2021-06-14 13:37:33,791 [main] DEBUG  o.d.commons.converter.AnyConverter(92) - Converting boolean (java.lang.String) to class java.lang.String
2021-06-14 13:37:33,792 [main] DEBUG  o.d.m.d.DefaultDescriptorProvider(65) - added SimpleTypeDescriptor: boolean[]
2021-06-14 13:37:33,793 [main] DEBUG  o.d.commons.converter.AnyConverter(92) - Converting array (java.lang.String) to class java.lang.String
2021-06-14 13:37:33,794 [main] DEBUG  o.d.m.d.DefaultDescriptorProvider(65) - added SimpleTypeDescriptor: array[]
2021-06-14 13:37:33,795 [main] DEBUG  o.d.commons.converter.AnyConverter(92) - Converting binary (java.lang.String) to class java.lang.String
2021-06-14 13:37:33,796 [main] DEBUG  o.d.m.d.DefaultDescriptorProvider(65) - added SimpleTypeDescriptor: binary[]
2021-06-14 13:37:33,797 [main] DEBUG  o.d.commons.converter.AnyConverter(92) - Converting short (java.lang.String) to class java.lang.String
2021-06-14 13:37:33,799 [main] DEBUG  o.d.m.d.DefaultDescriptorProvider(65) - added SimpleTypeDescriptor: short[]
2021-06-14 13:37:33,799 [main] DEBUG  o.d.commons.converter.AnyConverter(92) - Converting time (java.lang.String) to class java.lang.String
2021-06-14 13:37:33,801 [main] DEBUG  o.d.m.d.DefaultDescriptorProvider(65) - added SimpleTypeDescriptor: time[]
2021-06-14 13:37:33,801 [main] DEBUG  o.d.commons.converter.AnyConverter(92) - Converting timestamp (java.lang.String) to class java.lang.String
2021-06-14 13:37:33,805 [main] DEBUG  o.d.m.d.DefaultDescriptorProvider(65) - added SimpleTypeDescriptor: timestamp[]
2021-06-14 13:37:33,806 [main] DEBUG  o.d.commons.converter.AnyConverter(92) - Converting object (java.lang.String) to class java.lang.String
2021-06-14 13:37:33,808 [main] DEBUG  o.d.m.d.DefaultDescriptorProvider(65) - added SimpleTypeDescriptor: object[]
2021-06-14 13:37:33,810 [main] DEBUG  o.d.commons.converter.AnyConverter(92) - Converting entity (java.lang.String) to class java.lang.String
2021-06-14 13:37:33,815 [main] DEBUG  o.d.m.d.DefaultDescriptorProvider(65) - added ComplexTypeDescriptor: entity[]
2021-06-14 13:37:33,820 [main] DEBUG  org.databene.model.data.DataModel(138) - validating date[]
2021-06-14 13:37:33,830 [main] DEBUG  org.databene.model.data.DataModel(138) - validating big_decimal[]
2021-06-14 13:37:33,832 [main] DEBUG  org.databene.model.data.DataModel(138) - validating string[]
2021-06-14 13:37:33,832 [main] DEBUG  org.databene.model.data.DataModel(138) - validating byte[]
2021-06-14 13:37:33,833 [main] DEBUG  org.databene.model.data.DataModel(138) - validating big_integer[]
2021-06-14 13:37:33,833 [main] DEBUG  org.databene.model.data.DataModel(138) - validating double[]
2021-06-14 13:37:33,834 [main] DEBUG  org.databene.model.data.DataModel(138) - validating float[]
2021-06-14 13:37:33,835 [main] DEBUG  org.databene.model.data.DataModel(138) - validating int[]
2021-06-14 13:37:33,835 [main] DEBUG  org.databene.model.data.DataModel(138) - validating long[]
2021-06-14 13:37:33,836 [main] DEBUG  org.databene.model.data.DataModel(138) - validating boolean[]
2021-06-14 13:37:33,837 [main] DEBUG  org.databene.model.data.DataModel(138) - validating array[]
2021-06-14 13:37:33,838 [main] DEBUG  org.databene.model.data.DataModel(138) - validating binary[]
2021-06-14 13:37:33,839 [main] DEBUG  org.databene.model.data.DataModel(138) - validating short[]
2021-06-14 13:37:33,839 [main] DEBUG  org.databene.model.data.DataModel(138) - validating time[]
2021-06-14 13:37:33,840 [main] DEBUG  org.databene.model.data.DataModel(138) - validating timestamp[]
2021-06-14 13:37:33,841 [main] DEBUG  org.databene.model.data.DataModel(138) - validating object[]
2021-06-14 13:37:33,842 [main] DEBUG  org.databene.model.data.DataModel(138) - validating entity[]
2021-06-14 13:37:34,764 [main] DEBUG  org.databene.CONFIG(191) - Initializing Script mapping from file org/databene/script/script.properties
2021-06-14 13:37:34,765 [main] DEBUG  org.databene.commons.IOUtil(181) - getInputStreamForURI(org/databene/script/script.properties, true)
2021-06-14 13:37:34,767 [main] DEBUG  org.databene.commons.IOUtil(473) - getFileOrResourceAsStream(org/databene/script/script.properties, true)
2021-06-14 13:37:34,770 [main] DEBUG  org.databene.commons.IOUtil(488) - getResourceAsStream(org/databene/script/script.properties, true)
2021-06-14 13:37:34,784 [main] DEBUG  org.databene.commons.BeanUtil(952) - Instantiating FreeMarkerScriptFactory
2021-06-14 13:37:34,788 [main] DEBUG  org.databene.commons.BeanUtil(952) - Instantiating String2DistributionConverter
2021-06-14 13:37:34,800 [main] DEBUG  org.databene.commons.IOUtil(181) - getInputStreamForURI(org/databene/commons/special-letters.properties, true)
2021-06-14 13:37:34,801 [main] DEBUG  org.databene.commons.IOUtil(473) - getFileOrResourceAsStream(org/databene/commons/special-letters.properties, true)
2021-06-14 13:37:34,802 [main] DEBUG  org.databene.commons.IOUtil(488) - getResourceAsStream(org/databene/commons/special-letters.properties, true)
2021-06-14 13:37:34,830 [main] DEBUG  o.d.commons.converter.AnyConverter(92) - Converting benerator:defaultComponent (java.lang.String) to class java.lang.String
2021-06-14 13:37:34,842 [main] DEBUG  o.d.commons.converter.AnyConverter(92) - Converting testValidateLogin (java.lang.String) to class java.lang.String
2021-06-14 13:37:34,849 [main] DEBUG  o.d.commons.converter.AnyConverter(92) - Converting testValidateLogin (java.lang.String) to class java.lang.String
2021-06-14 13:37:34,850 [main] DEBUG  o.d.commons.converter.AnyConverter(92) - Converting null to class java.lang.String
2021-06-14 13:37:34,857 [main] DEBUG  o.d.benerator.anno.AnnotationMapper(182) - mapDetails(@org.databene.benerator.anno.Source(filter=, selector=, id=, nesting=, encoding=, value=src\test\resources\testdata\ValidateLogin.csv, separator=, dataset=, uri=), testValidateLogin[])
2021-06-14 13:37:34,872 [main] DEBUG  o.d.commons.converter.AnyConverter(92) - Converting src\test\resources\testdata\ValidateLogin.csv (java.lang.String) to class java.lang.String
2021-06-14 13:37:34,883 [main] DEBUG  o.d.commons.converter.AnyConverter(92) - Converting 0 (java.lang.String) to class java.lang.String
2021-06-14 13:37:34,884 [main] DEBUG  o.d.commons.converter.AnyConverter(92) - Converting string (java.lang.String) to class java.lang.String
2021-06-14 13:37:34,887 [main] DEBUG  o.d.commons.converter.AnyConverter(92) - Converting 1 (java.lang.String) to class java.lang.String
2021-06-14 13:37:34,888 [main] DEBUG  o.d.commons.converter.AnyConverter(92) - Converting string (java.lang.String) to class java.lang.String
2021-06-14 13:37:34,889 [main] DEBUG  o.d.commons.converter.AnyConverter(92) - Converting 2 (java.lang.String) to class java.lang.String
2021-06-14 13:37:34,890 [main] DEBUG  o.d.commons.converter.AnyConverter(92) - Converting string (java.lang.String) to class java.lang.String
2021-06-14 13:37:34,891 [main] DEBUG  o.d.commons.converter.AnyConverter(92) - Converting 3 (java.lang.String) to class java.lang.String
2021-06-14 13:37:34,892 [main] DEBUG  o.d.commons.converter.AnyConverter(92) - Converting string (java.lang.String) to class java.lang.String
2021-06-14 13:37:34,893 [main] DEBUG  o.d.commons.converter.AnyConverter(92) - Converting 4 (java.lang.String) to class java.lang.String
2021-06-14 13:37:34,894 [main] DEBUG  o.d.commons.converter.AnyConverter(92) - Converting string (java.lang.String) to class java.lang.String
2021-06-14 13:37:34,894 [main] DEBUG  o.d.commons.converter.AnyConverter(92) - Converting 5 (java.lang.String) to class java.lang.String
2021-06-14 13:37:34,895 [main] DEBUG  o.d.commons.converter.AnyConverter(92) - Converting string (java.lang.String) to class java.lang.String
2021-06-14 13:37:34,916 [main] DEBUG  o.d.b.factory.ArrayGeneratorFactory(75) - createArrayGenerator(testValidateLogin)
2021-06-14 13:37:34,937 [main] DEBUG  o.d.b.factory.ArrayGeneratorFactory(142) - createCSVSourceGenerator(ArrayTypeDescriptor[0[type=string], 1[type=string], 2[type=string], 3[type=string], 4[type=string], 5[type=string]])
2021-06-14 13:37:34,945 [main] DEBUG  o.d.commons.converter.AnyConverter(92) - Converting testValidateLogin (java.lang.String) to class java.lang.String
2021-06-14 13:37:34,981 [main] DEBUG  o.d.b.factory.ArrayGeneratorFactory(90) - Created VariableAwareGenerator[
    ConvertingGenerator
]
2021-06-14 13:37:34,986 [main] DEBUG  org.databene.commons.IOUtil(232) - resolveLocalUri(src\test\resources\testdata\ValidateLogin.csv, .)
2021-06-14 13:37:34,990 [main] DEBUG  org.databene.commons.IOUtil(181) - getInputStreamForURI(src/test/resources/testdata/ValidateLogin.csv, true)
2021-06-14 13:37:34,991 [main] DEBUG  org.databene.commons.IOUtil(473) - getFileOrResourceAsStream(src/test/resources/testdata/ValidateLogin.csv, true)
2021-06-14 13:37:35,012 [main] DEBUG  o.d.commons.converter.AnyConverter(92) - Converting AT-113117 (java.lang.String) to class java.lang.String
2021-06-14 13:37:35,013 [main] DEBUG  o.d.commons.converter.AnyConverter(92) - Converting TRUE (java.lang.String) to class java.lang.String
2021-06-14 13:37:35,014 [main] DEBUG  o.d.commons.converter.AnyConverter(92) - Converting InvalidInput (java.lang.String) to class java.lang.String
2021-06-14 13:37:35,015 [main] DEBUG  o.d.commons.converter.AnyConverter(92) - Converting invalid@pfml1stage (java.lang.String) to class java.lang.String
2021-06-14 13:37:35,015 [main] DEBUG  o.d.commons.converter.AnyConverter(92) - Converting Yodlee@123 (java.lang.String) to class java.lang.String
2021-06-14 13:37:35,016 [main] DEBUG  o.d.commons.converter.AnyConverter(92) - Converting Invalid user credentials (java.lang.String) to class java.lang.String
2021-06-14 13:37:35,017 [main] DEBUG  o.d.b.c.VariableAwareGenerator(96) - Generated [Ljava.lang.Object;@474fae39
2021-06-14 13:37:35,018 [main] DEBUG  o.d.commons.converter.AnyConverter(92) - Converting AT-113127 (java.lang.String) to class java.lang.String
2021-06-14 13:37:35,019 [main] DEBUG  o.d.commons.converter.AnyConverter(92) - Converting TRUE (java.lang.String) to class java.lang.String
2021-06-14 13:37:35,019 [main] DEBUG  o.d.commons.converter.AnyConverter(92) - Converting NoInput (java.lang.String) to class java.lang.String
2021-06-14 13:37:35,020 [main] DEBUG  o.d.commons.converter.AnyConverter(92) - Converting  (java.lang.String) to class java.lang.String
2021-06-14 13:37:35,021 [main] DEBUG  o.d.commons.converter.AnyConverter(92) - Converting  (java.lang.String) to class java.lang.String
2021-06-14 13:37:35,021 [main] DEBUG  o.d.commons.converter.AnyConverter(92) - Converting Uh-oh! You've entered wrong username/ password. Please re-enter credentials (java.lang.String) to class java.lang.String
2021-06-14 13:37:35,022 [main] DEBUG  o.d.b.c.VariableAwareGenerator(96) - Generated [Ljava.lang.Object;@4f4c789f
2021-06-14 13:37:35,024 [main] INFO   c.y.c.listeners.CustomListener(61) - =============================================================================
2021-06-14 13:37:35,024 [main] INFO   c.y.c.listeners.CustomListener(62) - STARTED - com.yodlee.customizationtool.Login##testValidateLogin By Thread with name as ##main
2021-06-14 13:37:35,025 [main] INFO   c.y.c.listeners.CustomListener(64) - ==============================================================================
2021-06-14 13:37:35,030 [main] INFO   c.y.c.listeners.CustomListener(61) - =============================================================================
2021-06-14 13:37:35,032 [main] INFO   c.y.c.listeners.CustomListener(62) - STARTED - com.yodlee.customizationtool.Login##testValidateLogin By Thread with name as ##main
2021-06-14 13:37:35,033 [main] INFO   c.y.c.listeners.CustomListener(64) - ==============================================================================
2021-06-14 13:37:35,034 [main] INFO   ReportGenerator(149) - 

<< --- TestCase START --->> testValidateLogin ( AT-113117 , TRUE , InvalidInput , invalid@pfml1stage , Yodlee@123 , Invalid user credentials ) 

2021-06-14 13:37:35,128 [main] INFO   com.yodlee.customizationtool.Login(124) - Successfully Loaded Login Page
